"../../../Engine/Content/EditorResources/S_Actor.ubulk" 0
"../../../Engine/Content/EditorResources/S_Actor.uasset" 1
"../../../Engine/Content/EditorResources/S_Actor.uexp" 2
"../../../Engine/Content/EditorResources/S_BoxReflectionCapture.uasset" 3
"../../../Engine/Content/EditorResources/S_BoxReflectionCapture.uexp" 4
"../../../Engine/Content/EngineResources/DefaultTexture.ubulk" 5
"../../../Engine/Content/EngineResources/DefaultTexture.uasset" 6
"../../../Engine/Content/EngineResources/DefaultTexture.uexp" 7
"../../../Engine/Content/EngineResources/DefaultTextureCube.uasset" 8
"../../../Engine/Content/EngineResources/DefaultTextureCube.uexp" 9
"../../../Engine/Content/EngineResources/DefaultVolumeTexture2D.uasset" 10
"../../../Engine/Content/EngineResources/DefaultVolumeTexture2D.uexp" 11
"../../../Engine/Content/EngineResources/DefaultVolumeTexture.uasset" 12
"../../../Engine/Content/EngineResources/DefaultVolumeTexture.uexp" 13
"../../../Engine/Content/EditorResources/S_Trigger.ubulk" 14
"../../../Engine/Content/EditorResources/S_Trigger.uasset" 15
"../../../Engine/Content/EditorResources/S_Trigger.uexp" 16
"../../../Engine/Content/EditorResources/S_TriggerBox.uasset" 17
"../../../Engine/Content/EditorResources/S_TriggerBox.uexp" 18
"../../../Engine/Content/EditorResources/S_TriggerCapsule.uasset" 19
"../../../Engine/Content/EditorResources/S_TriggerCapsule.uexp" 20
"../../../Engine/Content/EditorResources/S_TriggerSphere.uasset" 21
"../../../Engine/Content/EditorResources/S_TriggerSphere.uexp" 22
"../../../Engine/Content/EngineMeshes/Sphere.uasset" 23
"../../../Engine/Content/EngineMeshes/Sphere.uexp" 24
"../../../Engine/Content/EngineResources/GradientTexture0.uasset" 25
"../../../Engine/Content/EngineResources/GradientTexture0.uexp" 26
"../../../Engine/Content/EngineResources/Black.uasset" 27
"../../../Engine/Content/EngineResources/Black.uexp" 28
"../../../Engine/Content/VREditor/LaserPointer/VR_LaserPower_01.ubulk" 29
"../../../Engine/Content/VREditor/LaserPointer/VR_LaserPower_01.uasset" 30
"../../../Engine/Content/VREditor/LaserPointer/VR_LaserPower_01.uexp" 31
"../../../Engine/Content/VREditor/TransformGizmo/TransformGizmoMaterial.uasset" 32
"../../../Engine/Content/VREditor/TransformGizmo/TransformGizmoMaterial.uexp" 33
"../../../Engine/Content/VREditor/TransformGizmo/TranslucentTransformGizmoMaterial.uasset" 34
"../../../Engine/Content/VREditor/TransformGizmo/TranslucentTransformGizmoMaterial.uexp" 35
"../../../Engine/Content/VREditor/TransformGizmo/BoundingBoxCorner.uasset" 36
"../../../Engine/Content/VREditor/TransformGizmo/BoundingBoxCorner.uexp" 37
"../../../Engine/Content/VREditor/TransformGizmo/BoundingBoxEdge.uasset" 38
"../../../Engine/Content/VREditor/TransformGizmo/BoundingBoxEdge.uexp" 39
"../../../Engine/Content/VREditor/TransformGizmo/Main.uasset" 40
"../../../Engine/Content/VREditor/TransformGizmo/Main.uexp" 41
"../../../Engine/Content/VREditor/TransformGizmo/Xray.uasset" 42
"../../../Engine/Content/VREditor/TransformGizmo/Xray.uexp" 43
"../../../Engine/Content/VREditor/TransformGizmo/SM_Sequencer_Node.uasset" 44
"../../../Engine/Content/VREditor/TransformGizmo/SM_Sequencer_Node.uexp" 45
"../../../Engine/Content/EditorResources/S_Solver.ubulk" 46
"../../../Engine/Content/EditorResources/S_Solver.uasset" 47
"../../../Engine/Content/EditorResources/S_Solver.uexp" 48
"../../../Engine/Content/EditorMaterials/Camera/CineMat.uasset" 49
"../../../Engine/Content/EditorMaterials/Camera/CineMat.uexp" 50
"../../../Engine/Content/EditorMaterials/Camera/MI_CineMat_Rig.uasset" 51
"../../../Engine/Content/EditorMaterials/Camera/MI_CineMat_Rig.uexp" 52
"../../../Engine/Content/EditorMeshes/Camera/SM_CraneRig_Base.uasset" 53
"../../../Engine/Content/EditorMeshes/Camera/SM_CraneRig_Base.uexp" 54
"../../../Engine/Content/EditorMeshes/Camera/SM_CraneRig_Arm.uasset" 55
"../../../Engine/Content/EditorMeshes/Camera/SM_CraneRig_Arm.uexp" 56
"../../../Engine/Content/EditorMeshes/Camera/SM_CraneRig_Mount.uasset" 57
"../../../Engine/Content/EditorMeshes/Camera/SM_CraneRig_Mount.uexp" 58
"../../../Engine/Content/EditorMeshes/Camera/SM_CraneRig_Body.uasset" 59
"../../../Engine/Content/EditorMeshes/Camera/SM_CraneRig_Body.uexp" 60
"../../../Engine/Content/EditorMeshes/Camera/SM_RailRig_Track.uasset" 61
"../../../Engine/Content/EditorMeshes/Camera/SM_RailRig_Track.uexp" 62
"../../../Engine/Content/EditorMeshes/Camera/SM_RailRig_Mount.uasset" 63
"../../../Engine/Content/EditorMeshes/Camera/SM_RailRig_Mount.uexp" 64
"../../../Engine/Content/EngineMaterials/T_Default_Material_Grid_M.ubulk" 65
"../../../Engine/Content/EngineMaterials/T_Default_Material_Grid_M.uasset" 66
"../../../Engine/Content/EngineMaterials/T_Default_Material_Grid_M.uexp" 67
"../../../Engine/Content/EngineMaterials/T_Default_Material_Grid_N.ubulk" 68
"../../../Engine/Content/EngineMaterials/T_Default_Material_Grid_N.uasset" 69
"../../../Engine/Content/EngineMaterials/T_Default_Material_Grid_N.uexp" 70
"../../../Engine/Content/Functions/Engine_MaterialFunctions01/Opacity/CameraDepthFade.uasset" 71
"../../../Engine/Content/Functions/Engine_MaterialFunctions01/Opacity/CameraDepthFade.uexp" 72
"../../../Engine/Content/EngineMaterials/WorldGridMaterial.uasset" 73
"../../../Engine/Content/EngineMaterials/WorldGridMaterial.uexp" 74
"../../../Engine/Content/ArtTools/RenderToTexture/Meshes/S_1_Unit_Plane.uasset" 75
"../../../Engine/Content/ArtTools/RenderToTexture/Meshes/S_1_Unit_Plane.uexp" 76
"../../../Engine/Content/EditorMaterials/ParticleSystems/PSysThumbnail_NoImage.ubulk" 77
"../../../Engine/Content/EditorMaterials/ParticleSystems/PSysThumbnail_NoImage.uasset" 78
"../../../Engine/Content/EditorMaterials/ParticleSystems/PSysThumbnail_NoImage.uexp" 79
"../../../Engine/Content/EditorMaterials/ParticleSystems/PSysThumbnail_OOD.ubulk" 80
"../../../Engine/Content/EditorMaterials/ParticleSystems/PSysThumbnail_OOD.uasset" 81
"../../../Engine/Content/EditorMaterials/ParticleSystems/PSysThumbnail_OOD.uexp" 82
"../../../Engine/Content/EditorLandscapeResources/SplineEditorMeshMat.uasset" 83
"../../../Engine/Content/EditorLandscapeResources/SplineEditorMeshMat.uexp" 84
"../../../Engine/Content/EditorLandscapeResources/SplineEditorMesh.uasset" 85
"../../../Engine/Content/EditorLandscapeResources/SplineEditorMesh.uexp" 86
"../../../Engine/Plugins/Media/MediaPlate/Content/SM_MediaPlateScreen.uasset" 87
"../../../Engine/Plugins/Media/MediaPlate/Content/SM_MediaPlateScreen.uexp" 88
"../../../Engine/Content/EngineMaterials/DefaultBokeh.uasset" 89
"../../../Engine/Content/EngineMaterials/DefaultBokeh.uexp" 90
"../../../Engine/Content/EngineMaterials/MiniFont.uasset" 91
"../../../Engine/Content/EngineMaterials/MiniFont.uexp" 92
"../../../Engine/Content/EngineMaterials/WeightMapPlaceholderTexture.uasset" 93
"../../../Engine/Content/EngineMaterials/WeightMapPlaceholderTexture.uexp" 94
"../../../Engine/Content/EngineMaterials/WeightMapArrayPlaceholderTexture.uasset" 95
"../../../Engine/Content/EngineMaterials/WeightMapArrayPlaceholderTexture.uexp" 96
"../../../Engine/Content/EngineMaterials/DefaultWhiteGrid.ubulk" 97
"../../../Engine/Content/EngineMaterials/DefaultWhiteGrid.uasset" 98
"../../../Engine/Content/EngineMaterials/DefaultWhiteGrid.uexp" 99
"../../../Engine/Content/EngineMaterials/PreintegratedSkinBRDF.uasset" 100
"../../../Engine/Content/EngineMaterials/PreintegratedSkinBRDF.uexp" 101
"../../../Engine/Plugins/Runtime/MeshModelingToolset/Content/Materials/M_DynamicMeshComponentVtxColor.uasset" 102
"../../../Engine/Plugins/Runtime/MeshModelingToolset/Content/Materials/M_DynamicMeshComponentVtxColor.uexp" 103
"../../../Engine/Plugins/Interchange/Runtime/Content/Pipelines/DefaultTexturePipeline.uasset" 104
"../../../Engine/Plugins/Interchange/Runtime/Content/Pipelines/DefaultTexturePipeline.uexp" 105
"../../../Engine/Plugins/Interchange/Runtime/Content/Pipelines/DefaultSceneLevelPipeline.uasset" 106
"../../../Engine/Plugins/Interchange/Runtime/Content/Pipelines/DefaultSceneLevelPipeline.uexp" 107
"../../../Engine/Plugins/Interchange/Runtime/Content/Pipelines/DefaultSceneAssetsPipeline.uasset" 108
"../../../Engine/Plugins/Interchange/Runtime/Content/Pipelines/DefaultSceneAssetsPipeline.uexp" 109
"../../../Engine/Plugins/Interchange/Runtime/Content/Pipelines/DefaultMaterialXPipeline.uasset" 110
"../../../Engine/Plugins/Interchange/Runtime/Content/Pipelines/DefaultMaterialXPipeline.uexp" 111
"../../../Engine/Plugins/Interchange/Runtime/Content/Pipelines/DefaultMaterialPipeline.uasset" 112
"../../../Engine/Plugins/Interchange/Runtime/Content/Pipelines/DefaultMaterialPipeline.uexp" 113
"../../../Engine/Plugins/Interchange/Runtime/Content/Pipelines/DefaultGLTFSceneAssetsPipeline.uasset" 114
"../../../Engine/Plugins/Interchange/Runtime/Content/Pipelines/DefaultGLTFSceneAssetsPipeline.uexp" 115
"../../../Engine/Plugins/Interchange/Runtime/Content/Pipelines/DefaultGLTFPipeline.uasset" 116
"../../../Engine/Plugins/Interchange/Runtime/Content/Pipelines/DefaultGLTFPipeline.uexp" 117
"../../../Engine/Plugins/Interchange/Runtime/Content/Pipelines/DefaultGLTFAssetsPipeline.uasset" 118
"../../../Engine/Plugins/Interchange/Runtime/Content/Pipelines/DefaultGLTFAssetsPipeline.uexp" 119
"../../../Engine/Plugins/Interchange/Runtime/Content/Pipelines/DefaultAssetsPipeline.uasset" 120
"../../../Engine/Plugins/Interchange/Runtime/Content/Pipelines/DefaultAssetsPipeline.uexp" 121
"../../../Engine/Plugins/Interchange/Runtime/Content/Functions/MX_UsdPreviewSurface.uasset" 122
"../../../Engine/Plugins/Interchange/Runtime/Content/Functions/MX_UsdPreviewSurface.uexp" 123
"../../../Engine/Plugins/Interchange/Runtime/Content/Functions/MX_UniformEDF.uasset" 124
"../../../Engine/Plugins/Interchange/Runtime/Content/Functions/MX_UniformEDF.uexp" 125
"../../../Engine/Plugins/Interchange/Runtime/Content/Functions/MX_TranslucentBSDF.uasset" 126
"../../../Engine/Plugins/Interchange/Runtime/Content/Functions/MX_TranslucentBSDF.uexp" 127
"../../../Engine/Plugins/Interchange/Runtime/Content/Functions/MX_ThinFilmBSDF.uasset" 128
"../../../Engine/Plugins/Interchange/Runtime/Content/Functions/MX_ThinFilmBSDF.uexp" 129
"../../../Engine/Plugins/Interchange/Runtime/Content/Functions/MX_SurfaceUnlit.uasset" 130
"../../../Engine/Plugins/Interchange/Runtime/Content/Functions/MX_SurfaceUnlit.uexp" 131
"../../../Engine/Plugins/Interchange/Runtime/Content/Functions/MX_Surface.uasset" 132
"../../../Engine/Plugins/Interchange/Runtime/Content/Functions/MX_Surface.uexp" 133
"../../../Engine/Plugins/Interchange/Runtime/Content/Functions/MX_SubsurfaceBSDF.uasset" 134
"../../../Engine/Plugins/Interchange/Runtime/Content/Functions/MX_SubsurfaceBSDF.uexp" 135
"../../../Engine/Plugins/Interchange/Runtime/Content/Functions/MX_SheenBSDF.uasset" 136
"../../../Engine/Plugins/Interchange/Runtime/Content/Functions/MX_SheenBSDF.uexp" 137
"../../../Engine/Plugins/Interchange/Runtime/Content/Functions/MX_OrenNayarBSDF.uasset" 138
"../../../Engine/Plugins/Interchange/Runtime/Content/Functions/MX_OrenNayarBSDF.uexp" 139
"../../../Engine/Content/Functions/Engine_MaterialFunctions02/Utility/CameraDirectionVector.uasset" 140
"../../../Engine/Content/Functions/Engine_MaterialFunctions02/Utility/CameraDirectionVector.uexp" 141
"../../../Engine/Content/Functions/Engine_MaterialFunctions01/Volumetrics/BeersLaw.uasset" 142
"../../../Engine/Content/Functions/Engine_MaterialFunctions01/Volumetrics/BeersLaw.uexp" 143
"../../../Engine/Content/EngineMaterials/Good64x64TilingNoiseHighFreq.uasset" 144
"../../../Engine/Content/EngineMaterials/Good64x64TilingNoiseHighFreq.uexp" 145
"../../../Engine/Content/Functions/Engine_MaterialFunctions02/Texturing/ScreenAlignedPixelToPixelUVs.uasset" 146
"../../../Engine/Content/Functions/Engine_MaterialFunctions02/Texturing/ScreenAlignedPixelToPixelUVs.uexp" 147
"../../../Engine/Plugins/Interchange/Runtime/Content/gltf/MaterialFunctions/MF_Temporal_Blur.uasset" 148
"../../../Engine/Plugins/Interchange/Runtime/Content/gltf/MaterialFunctions/MF_Temporal_Blur.uexp" 149
"../../../Engine/Plugins/Interchange/Runtime/Content/gltf/MaterialFunctions/MF_Fresnel_DS.uasset" 150
"../../../Engine/Plugins/Interchange/Runtime/Content/gltf/MaterialFunctions/MF_Fresnel_DS.uexp" 151
"../../../Engine/Content/Functions/Engine_MaterialFunctions02/Utility/BreakOutFloat3Components.uasset" 152
"../../../Engine/Content/Functions/Engine_MaterialFunctions02/Utility/BreakOutFloat3Components.uexp" 153
"../../../Engine/Plugins/Interchange/Runtime/Content/Functions/MX_Transmission.uasset" 154
"../../../Engine/Plugins/Interchange/Runtime/Content/Functions/MX_Transmission.uexp" 155
"../../../Engine/Plugins/Interchange/Runtime/Content/Functions/MF_OrenNayerView.uasset" 156
"../../../Engine/Plugins/Interchange/Runtime/Content/Functions/MF_OrenNayerView.uexp" 157
"../../../Engine/Plugins/Interchange/Runtime/Content/Functions/MF_SchlickApprox.uasset" 158
"../../../Engine/Plugins/Interchange/Runtime/Content/Functions/MF_SchlickApprox.uexp" 159
"../../../Engine/Plugins/Interchange/Runtime/Content/Utilities/New_LUT.uasset" 160
"../../../Engine/Plugins/Interchange/Runtime/Content/Utilities/New_LUT.uexp" 161
"../../../Engine/Content/Functions/Engine_MaterialFunctions03/Math/RemapValueRange.uasset" 162
"../../../Engine/Content/Functions/Engine_MaterialFunctions03/Math/RemapValueRange.uexp" 163
"../../../Engine/Plugins/Interchange/Runtime/Content/Functions/MF_Iridescence.uasset" 164
"../../../Engine/Plugins/Interchange/Runtime/Content/Functions/MF_Iridescence.uexp" 165
"../../../Engine/Plugins/Interchange/Runtime/Content/Functions/MX_StandardSurface.uasset" 166
"../../../Engine/Plugins/Interchange/Runtime/Content/Functions/MX_StandardSurface.uexp" 167
"../../../Engine/Plugins/Interchange/Runtime/Content/Functions/MX_TransmissionSurface.uasset" 168
"../../../Engine/Plugins/Interchange/Runtime/Content/Functions/MX_TransmissionSurface.uexp" 169
"../../../Engine/Plugins/Interchange/Runtime/Content/Functions/MX_OpenPBR_Translucent.uasset" 170
"../../../Engine/Plugins/Interchange/Runtime/Content/Functions/MX_OpenPBR_Translucent.uexp" 171
"../../../Engine/Plugins/Interchange/Runtime/Content/Functions/MX_OpenPBR_Opaque.uasset" 172
"../../../Engine/Plugins/Interchange/Runtime/Content/Functions/MX_OpenPBR_Opaque.uexp" 173
"../../../Engine/Plugins/Interchange/Runtime/Content/Functions/MX_MeasuredEDF.uasset" 174
"../../../Engine/Plugins/Interchange/Runtime/Content/Functions/MX_MeasuredEDF.uexp" 175
"../../../Engine/Plugins/Interchange/Runtime/Content/Functions/MX_GeneralizedSchlickBSDF.uasset" 176
"../../../Engine/Plugins/Interchange/Runtime/Content/Functions/MX_GeneralizedSchlickBSDF.uexp" 177
"../../../Engine/Plugins/Interchange/Runtime/Content/Functions/MX_DielectricBSDF.uasset" 178
"../../../Engine/Plugins/Interchange/Runtime/Content/Functions/MX_DielectricBSDF.uexp" 179
"../../../Engine/Plugins/Interchange/Runtime/Content/Functions/MX_ConicalEDF.uasset" 180
"../../../Engine/Plugins/Interchange/Runtime/Content/Functions/MX_ConicalEDF.uexp" 181
"../../../Engine/Plugins/Interchange/Runtime/Content/Functions/MX_ConductorBSDF.uasset" 182
"../../../Engine/Plugins/Interchange/Runtime/Content/Functions/MX_ConductorBSDF.uexp" 183
"../../../Engine/Plugins/Interchange/Runtime/Content/Functions/MX_BurleyDiffuseBSDF.uasset" 184
"../../../Engine/Plugins/Interchange/Runtime/Content/Functions/MX_BurleyDiffuseBSDF.uexp" 185
"../../../Engine/Plugins/Interchange/Runtime/Content/Functions/MX_AnisotropicVDF.uasset" 186
"../../../Engine/Plugins/Interchange/Runtime/Content/Functions/MX_AnisotropicVDF.uexp" 187
"../../../Engine/Plugins/Interchange/Runtime/Content/Functions/MX_AbsorptionVDF.uasset" 188
"../../../Engine/Plugins/Interchange/Runtime/Content/Functions/MX_AbsorptionVDF.uexp" 189
"../../../Engine/Plugins/Editor/SpeedTreeImporter/Content/SpeedTree9/game_wind_noise.ubulk" 190
"../../../Engine/Plugins/Editor/SpeedTreeImporter/Content/SpeedTree9/game_wind_noise.uasset" 191
"../../../Engine/Plugins/Editor/SpeedTreeImporter/Content/SpeedTree9/game_wind_noise.uexp" 192
"../../../Engine/Plugins/Editor/SpeedTreeImporter/Content/SpeedTree9/UnpackDirection.uasset" 193
"../../../Engine/Plugins/Editor/SpeedTreeImporter/Content/SpeedTree9/UnpackDirection.uexp" 194
"../../../Engine/Content/Functions/Engine_MaterialFunctions02/ObjectLocalBounds.uasset" 195
"../../../Engine/Content/Functions/Engine_MaterialFunctions02/ObjectLocalBounds.uexp" 196
"../../../Engine/Content/Functions/Engine_MaterialFunctions02/UVs/BoundingBoxBased_0-1_UVW.uasset" 197
"../../../Engine/Content/Functions/Engine_MaterialFunctions02/UVs/BoundingBoxBased_0-1_UVW.uexp" 198
"../../../Engine/Content/Functions/Engine_MaterialFunctions02/Utility/VectorLength.uasset" 199
"../../../Engine/Content/Functions/Engine_MaterialFunctions02/Utility/VectorLength.uexp" 200
"../../../Engine/Plugins/Editor/SpeedTreeImporter/Content/SpeedTree9/UnpackInteger3.uasset" 201
"../../../Engine/Plugins/Editor/SpeedTreeImporter/Content/SpeedTree9/UnpackInteger3.uexp" 202
"../../../Engine/Plugins/Editor/SpeedTreeImporter/Content/SpeedTree9/SpeedTreeCameraFacing.uasset" 203
"../../../Engine/Plugins/Editor/SpeedTreeImporter/Content/SpeedTree9/SpeedTreeCameraFacing.uexp" 204
"../../../Engine/Content/Functions/Engine_MaterialFunctions02/WorldPositionOffset/ObjectScale.uasset" 205
"../../../Engine/Content/Functions/Engine_MaterialFunctions02/WorldPositionOffset/ObjectScale.uexp" 206
"../../../Engine/Content/Functions/Engine_MaterialFunctions02/SafeNormalize.uasset" 207
"../../../Engine/Content/Functions/Engine_MaterialFunctions02/SafeNormalize.uexp" 208
"../../../Engine/Plugins/Editor/SpeedTreeImporter/Content/SpeedTree9/SpeedTreeWindMotion.uasset" 209
"../../../Engine/Plugins/Editor/SpeedTreeImporter/Content/SpeedTree9/SpeedTreeWindMotion.uexp" 210
"../../../Engine/Plugins/Editor/SpeedTreeImporter/Content/SpeedTree9/SpeedTreeBranchMotion.uasset" 211
"../../../Engine/Plugins/Editor/SpeedTreeImporter/Content/SpeedTree9/SpeedTreeBranchMotion.uexp" 212
"../../../Engine/Plugins/Editor/SpeedTreeImporter/Content/SpeedTree9/SpeedTreeWind.uasset" 213
"../../../Engine/Plugins/Editor/SpeedTreeImporter/Content/SpeedTree9/SpeedTreeWind.uexp" 214
"../../../Engine/Plugins/Editor/SpeedTreeImporter/Content/SpeedTree9/EmptyNormal.uasset" 215
"../../../Engine/Plugins/Editor/SpeedTreeImporter/Content/SpeedTree9/EmptyNormal.uexp" 216
"../../../Engine/Plugins/Editor/SpeedTreeImporter/Content/SpeedTree9/Empty.uasset" 217
"../../../Engine/Plugins/Editor/SpeedTreeImporter/Content/SpeedTree9/Empty.uexp" 218
"../../../Engine/Plugins/Editor/SpeedTreeImporter/Content/SpeedTree9/SpeedTreeMaster.uasset" 219
"../../../Engine/Plugins/Editor/SpeedTreeImporter/Content/SpeedTree9/SpeedTreeMaster.uexp" 220
"../../../Engine/Plugins/Editor/SpeedTreeImporter/Content/SpeedTree9/SpeedTreeBillboard.uasset" 221
"../../../Engine/Plugins/Editor/SpeedTreeImporter/Content/SpeedTree9/SpeedTreeBillboard.uexp" 222
"../../../Engine/Plugins/Editor/SpeedTreeImporter/Content/SpeedTree9/SpeedTreeBillboardMaster.uasset" 223
"../../../Engine/Plugins/Editor/SpeedTreeImporter/Content/SpeedTree9/SpeedTreeBillboardMaster.uexp" 224
"../../../Engine/Content/Functions/Engine_MaterialFunctions02/WorldPositionOffset/CameraOffset.uasset" 225
"../../../Engine/Content/Functions/Engine_MaterialFunctions02/WorldPositionOffset/CameraOffset.uexp" 226
"../../../Engine/Plugins/Animation/ControlRig/Content/M_Manip.uasset" 227
"../../../Engine/Plugins/Animation/ControlRig/Content/M_Manip.uexp" 228
"../../../Engine/Plugins/Animation/ControlRig/Content/Controls/DefaultGizmoLibraryNormalized.uasset" 229
"../../../Engine/Plugins/Animation/ControlRig/Content/Controls/DefaultGizmoLibraryNormalized.uexp" 230
"../../../Engine/Plugins/Animation/ControlRig/Content/Controls/ControlRig_Wedge_solid.uasset" 231
"../../../Engine/Plugins/Animation/ControlRig/Content/Controls/ControlRig_Wedge_solid.uexp" 232
"../../../Engine/Plugins/Animation/ControlRig/Content/Controls/ControlRig_Wedge_3mm.uasset" 233
"../../../Engine/Plugins/Animation/ControlRig/Content/Controls/ControlRig_Wedge_3mm.uexp" 234
"../../../Engine/Plugins/Animation/ControlRig/Content/Controls/ControlRig_Wedge_1mm.uasset" 235
"../../../Engine/Plugins/Animation/ControlRig/Content/Controls/ControlRig_Wedge_1mm.uexp" 236
"../../../Engine/Plugins/Animation/ControlRig/Content/Controls/ControlRig_Triangle_solid.uasset" 237
"../../../Engine/Plugins/Animation/ControlRig/Content/Controls/ControlRig_Triangle_solid.uexp" 238
"../../../Engine/Plugins/Animation/ControlRig/Content/Controls/ControlRig_Triangle_3mm.uasset" 239
"../../../Engine/Plugins/Animation/ControlRig/Content/Controls/ControlRig_Triangle_3mm.uexp" 240
"../../../Engine/Plugins/Animation/ControlRig/Content/Controls/ControlRig_Triangle_1mm.uasset" 241
"../../../Engine/Plugins/Animation/ControlRig/Content/Controls/ControlRig_Triangle_1mm.uexp" 242
"../../../Engine/Plugins/Animation/ControlRig/Content/Controls/ControlRig_Star4_solid.uasset" 243
"../../../Engine/Plugins/Animation/ControlRig/Content/Controls/ControlRig_Star4_solid.uexp" 244
"../../../Engine/Plugins/Animation/ControlRig/Content/Controls/ControlRig_Star4_3mm.uasset" 245
"../../../Engine/Plugins/Animation/ControlRig/Content/Controls/ControlRig_Star4_3mm.uexp" 246
"../../../Engine/Plugins/Animation/ControlRig/Content/Controls/ControlRig_Star4_1mm.uasset" 247
"../../../Engine/Plugins/Animation/ControlRig/Content/Controls/ControlRig_Star4_1mm.uexp" 248
"../../../Engine/Plugins/Animation/ControlRig/Content/Controls/ControlRig_Square_solid.uasset" 249
"../../../Engine/Plugins/Animation/ControlRig/Content/Controls/ControlRig_Square_solid.uexp" 250
"../../../Engine/Plugins/Animation/ControlRig/Content/Controls/ControlRig_Square_3mm.uasset" 251
"../../../Engine/Plugins/Animation/ControlRig/Content/Controls/ControlRig_Square_3mm.uexp" 252
"../../../Engine/Plugins/Animation/ControlRig/Content/Controls/ControlRig_Square_1mm.uasset" 253
"../../../Engine/Plugins/Animation/ControlRig/Content/Controls/ControlRig_Square_1mm.uexp" 254
"../../../Engine/Plugins/Animation/ControlRig/Content/Controls/ControlRig_Sphere_solid.uasset" 255
"../../../Engine/Plugins/Animation/ControlRig/Content/Controls/ControlRig_Sphere_solid.uexp" 256
"../../../Engine/Plugins/Animation/ControlRig/Content/Controls/ControlRig_Sphere_3mm.uasset" 257
"../../../Engine/Plugins/Animation/ControlRig/Content/Controls/ControlRig_Sphere_3mm.uexp" 258
"../../../Engine/Plugins/Animation/ControlRig/Content/Controls/ControlRig_Sphere_1mm.uasset" 259
"../../../Engine/Plugins/Animation/ControlRig/Content/Controls/ControlRig_Sphere_1mm.uexp" 260
"../../../Engine/Plugins/Animation/ControlRig/Content/Controls/ControlRig_RoundedTriangle_solid.uasset" 261
"../../../Engine/Plugins/Animation/ControlRig/Content/Controls/ControlRig_RoundedTriangle_solid.uexp" 262
"../../../Engine/Plugins/Animation/ControlRig/Content/Controls/ControlRig_RoundedTriangle_3mm.uasset" 263
"../../../Engine/Plugins/Animation/ControlRig/Content/Controls/ControlRig_RoundedTriangle_3mm.uexp" 264
"../../../Engine/Plugins/Animation/ControlRig/Content/Controls/ControlRig_RoundedTriangle_1mm.uasset" 265
"../../../Engine/Plugins/Animation/ControlRig/Content/Controls/ControlRig_RoundedTriangle_1mm.uexp" 266
"../../../Engine/Plugins/Animation/ControlRig/Content/Controls/ControlRig_RoundedSquare_solid.uasset" 267
"../../../Engine/Plugins/Animation/ControlRig/Content/Controls/ControlRig_RoundedSquare_solid.uexp" 268
"../../../Engine/Plugins/Animation/ControlRig/Content/Controls/ControlRig_RoundedSquare_3mm.uasset" 269
"../../../Engine/Plugins/Animation/ControlRig/Content/Controls/ControlRig_RoundedSquare_3mm.uexp" 270
"../../../Engine/Plugins/Animation/ControlRig/Content/Controls/ControlRig_RoundedSquare_1mm.uasset" 271
"../../../Engine/Plugins/Animation/ControlRig/Content/Controls/ControlRig_RoundedSquare_1mm.uexp" 272
"../../../Engine/Plugins/Animation/ControlRig/Content/Controls/ControlRig_QuarterCircle_solid.uasset" 273
"../../../Engine/Plugins/Animation/ControlRig/Content/Controls/ControlRig_QuarterCircle_solid.uexp" 274
"../../../Engine/Plugins/Animation/ControlRig/Content/Controls/ControlRig_QuarterCircle_3mm.uasset" 275
"../../../Engine/Plugins/Animation/ControlRig/Content/Controls/ControlRig_QuarterCircle_3mm.uexp" 276
"../../../Engine/Plugins/Animation/ControlRig/Content/Controls/ControlRig_QuarterCircle_1mm.uasset" 277
"../../../Engine/Plugins/Animation/ControlRig/Content/Controls/ControlRig_QuarterCircle_1mm.uexp" 278
"../../../Engine/Plugins/Animation/ControlRig/Content/Controls/ControlRig_Pyramid_solid.uasset" 279
"../../../Engine/Plugins/Animation/ControlRig/Content/Controls/ControlRig_Pyramid_solid.uexp" 280
"../../../Engine/Plugins/Animation/ControlRig/Content/Controls/ControlRig_Pyramid_3mm.uasset" 281
"../../../Engine/Plugins/Animation/ControlRig/Content/Controls/ControlRig_Pyramid_3mm.uexp" 282
"../../../Engine/Plugins/Animation/ControlRig/Content/Controls/ControlRig_Pyramid_1mm.uasset" 283
"../../../Engine/Plugins/Animation/ControlRig/Content/Controls/ControlRig_Pyramid_1mm.uexp" 284
"../../../Engine/Plugins/Animation/ControlRig/Content/Controls/ControlRig_Octagon_solid.uasset" 285
"../../../Engine/Plugins/Animation/ControlRig/Content/Controls/ControlRig_Octagon_solid.uexp" 286
"../../../Engine/Plugins/Animation/ControlRig/Content/Controls/ControlRig_Octagon_3mm.uasset" 287
"../../../Engine/Plugins/Animation/ControlRig/Content/Controls/ControlRig_Octagon_3mm.uexp" 288
"../../../Engine/Plugins/Animation/ControlRig/Content/Controls/ControlRig_Octagon_1mm.uasset" 289
"../../../Engine/Plugins/Animation/ControlRig/Content/Controls/ControlRig_Octagon_1mm.uexp" 290
"../../../Engine/Plugins/Animation/ControlRig/Content/Controls/ControlRig_Hexagon_solid.uasset" 291
"../../../Engine/Plugins/Animation/ControlRig/Content/Controls/ControlRig_Hexagon_solid.uexp" 292
"../../../Engine/Plugins/Animation/ControlRig/Content/Controls/ControlRig_Hexagon_3mm.uasset" 293
"../../../Engine/Plugins/Animation/ControlRig/Content/Controls/ControlRig_Hexagon_3mm.uexp" 294
"../../../Engine/Plugins/Animation/ControlRig/Content/Controls/ControlRig_Hexagon_1mm.uasset" 295
"../../../Engine/Plugins/Animation/ControlRig/Content/Controls/ControlRig_Hexagon_1mm.uexp" 296
"../../../Engine/Plugins/Animation/ControlRig/Content/Controls/ControlRig_HalfCircle_solid.uasset" 297
"../../../Engine/Plugins/Animation/ControlRig/Content/Controls/ControlRig_HalfCircle_solid.uexp" 298
"../../../Engine/Plugins/Animation/ControlRig/Content/Controls/ControlRig_HalfCircle_3mm.uasset" 299
"../../../Engine/Plugins/Animation/ControlRig/Content/Controls/ControlRig_HalfCircle_3mm.uexp" 300
"../../../Engine/Plugins/Animation/ControlRig/Content/Controls/ControlRig_HalfCircle_1mm.uasset" 301
"../../../Engine/Plugins/Animation/ControlRig/Content/Controls/ControlRig_HalfCircle_1mm.uexp" 302
"../../../Engine/Plugins/Animation/ControlRig/Content/Controls/ControlRig_Diamond_solid.uasset" 303
"../../../Engine/Plugins/Animation/ControlRig/Content/Controls/ControlRig_Diamond_solid.uexp" 304
"../../../Engine/Plugins/Animation/ControlRig/Content/Controls/ControlRig_Diamond_3mm.uasset" 305
"../../../Engine/Plugins/Animation/ControlRig/Content/Controls/ControlRig_Diamond_3mm.uexp" 306
"../../../Engine/Plugins/Animation/ControlRig/Content/Controls/ControlRig_Diamond_1mm.uasset" 307
"../../../Engine/Plugins/Animation/ControlRig/Content/Controls/ControlRig_Diamond_1mm.uexp" 308
"../../../Engine/Plugins/Animation/ControlRig/Content/Controls/ControlRig_Circle_solid.uasset" 309
"../../../Engine/Plugins/Animation/ControlRig/Content/Controls/ControlRig_Circle_solid.uexp" 310
"../../../Engine/Plugins/Animation/ControlRig/Content/Controls/ControlRig_Circle_3mm.uasset" 311
"../../../Engine/Plugins/Animation/ControlRig/Content/Controls/ControlRig_Circle_3mm.uexp" 312
"../../../Engine/Plugins/Animation/ControlRig/Content/Controls/ControlRig_Circle_1mm.uasset" 313
"../../../Engine/Plugins/Animation/ControlRig/Content/Controls/ControlRig_Circle_1mm.uexp" 314
"../../../Engine/Plugins/Animation/ControlRig/Content/Controls/ControlRig_Box_solid.uasset" 315
"../../../Engine/Plugins/Animation/ControlRig/Content/Controls/ControlRig_Box_solid.uexp" 316
"../../../Engine/Plugins/Animation/ControlRig/Content/Controls/ControlRig_Box_3mm.uasset" 317
"../../../Engine/Plugins/Animation/ControlRig/Content/Controls/ControlRig_Box_3mm.uexp" 318
"../../../Engine/Plugins/Animation/ControlRig/Content/Controls/ControlRig_Box_1mm.uasset" 319
"../../../Engine/Plugins/Animation/ControlRig/Content/Controls/ControlRig_Box_1mm.uexp" 320
"../../../Engine/Plugins/Animation/ControlRig/Content/Controls/ControlRig_Arrow_solid.uasset" 321
"../../../Engine/Plugins/Animation/ControlRig/Content/Controls/ControlRig_Arrow_solid.uexp" 322
"../../../Engine/Plugins/Animation/ControlRig/Content/Controls/ControlRig_Arrow_3mm.uasset" 323
"../../../Engine/Plugins/Animation/ControlRig/Content/Controls/ControlRig_Arrow_3mm.uexp" 324
"../../../Engine/Plugins/Animation/ControlRig/Content/Controls/ControlRig_Arrow_1mm.uasset" 325
"../../../Engine/Plugins/Animation/ControlRig/Content/Controls/ControlRig_Arrow_1mm.uexp" 326
"../../../Engine/Plugins/Animation/ControlRig/Content/Controls/ControlRig_Arrow4_solid.uasset" 327
"../../../Engine/Plugins/Animation/ControlRig/Content/Controls/ControlRig_Arrow4_solid.uexp" 328
"../../../Engine/Plugins/Animation/ControlRig/Content/Controls/ControlRig_Arrow4_3mm.uasset" 329
"../../../Engine/Plugins/Animation/ControlRig/Content/Controls/ControlRig_Arrow4_3mm.uexp" 330
"../../../Engine/Plugins/Animation/ControlRig/Content/Controls/ControlRig_Arrow4_1mm.uasset" 331
"../../../Engine/Plugins/Animation/ControlRig/Content/Controls/ControlRig_Arrow4_1mm.uexp" 332
"../../../Engine/Plugins/Animation/ControlRig/Content/Controls/ControlRig_Arrow2_solid.uasset" 333
"../../../Engine/Plugins/Animation/ControlRig/Content/Controls/ControlRig_Arrow2_solid.uexp" 334
"../../../Engine/Plugins/Animation/ControlRig/Content/Controls/ControlRig_Arrow2_3mm.uasset" 335
"../../../Engine/Plugins/Animation/ControlRig/Content/Controls/ControlRig_Arrow2_3mm.uexp" 336
"../../../Engine/Plugins/Animation/ControlRig/Content/Controls/ControlRig_Arrow2_1mm.uasset" 337
"../../../Engine/Plugins/Animation/ControlRig/Content/Controls/ControlRig_Arrow2_1mm.uexp" 338
"../../../Engine/Plugins/Animation/ControlRig/Content/Controls/ControlRigXRayMaterial.uasset" 339
"../../../Engine/Plugins/Animation/ControlRig/Content/Controls/ControlRigXRayMaterial.uexp" 340
"../../../Engine/Plugins/Animation/ControlRig/Content/Controls/ControlRigGizmoMaterial.uasset" 341
"../../../Engine/Plugins/Animation/ControlRig/Content/Controls/ControlRigGizmoMaterial.uexp" 342
"../../../Engine/Plugins/Animation/ACLPlugin/Content/ACLAnimCurveCompressionSettings.uasset" 343
"../../../Engine/Plugins/Animation/ACLPlugin/Content/ACLAnimCurveCompressionSettings.uexp" 344
"../../../Engine/Plugins/Animation/ACLPlugin/Content/ACLAnimBoneCompressionSettings.uasset" 345
"../../../Engine/Plugins/Animation/ACLPlugin/Content/ACLAnimBoneCompressionSettings.uexp" 346
"../../../Engine/Plugins/2D/Paper2D/Content/PlaceholderTextures/DummySpriteTexture.ubulk" 347
"../../../Engine/Plugins/2D/Paper2D/Content/PlaceholderTextures/DummySpriteTexture.uasset" 348
"../../../Engine/Plugins/2D/Paper2D/Content/PlaceholderTextures/DummySpriteTexture.uexp" 349
"../../../Engine/Plugins/2D/Paper2D/Content/DefaultSpriteMaterial.uasset" 350
"../../../Engine/Plugins/2D/Paper2D/Content/DefaultSpriteMaterial.uexp" 351
"../../../Engine/Plugins/2D/Paper2D/Content/OpaqueUnlitSpriteMaterial.uasset" 352
"../../../Engine/Plugins/2D/Paper2D/Content/OpaqueUnlitSpriteMaterial.uexp" 353
"../../../Engine/Plugins/2D/Paper2D/Content/MaskedUnlitSpriteMaterial.uasset" 354
"../../../Engine/Plugins/2D/Paper2D/Content/MaskedUnlitSpriteMaterial.uexp" 355
"../../../Engine/Plugins/2D/Paper2D/Content/DummySprite.uasset" 356
"../../../Engine/Plugins/2D/Paper2D/Content/DummySprite.uexp" 357
"../../../Engine/Plugins/2D/Paper2D/Content/DefaultPaperTerrainMaterial.uasset" 358
"../../../Engine/Plugins/2D/Paper2D/Content/DefaultPaperTerrainMaterial.uexp" 359
"../../../Engine/Content/VREditor/TransformGizmo/StartRotationHandleIndicator.uasset" 360
"../../../Engine/Content/VREditor/TransformGizmo/StartRotationHandleIndicator.uexp" 361
"../../../Engine/Content/VREditor/Sounds/UI/Drop_Item_From_ContentBrowser.ubulk" 362
"../../../Engine/Content/VREditor/Sounds/UI/Drop_Item_From_ContentBrowser.uasset" 363
"../../../Engine/Content/VREditor/Sounds/UI/Drop_Item_From_ContentBrowser.uexp" 364
"../../../Engine/Content/VREditor/TransformGizmo/PlaneTranslationHandle.uasset" 365
"../../../Engine/Content/VREditor/TransformGizmo/PlaneTranslationHandle.uexp" 366
"../../../Engine/Content/VREditor/Sounds/UI/Object_Snaps_To_Grid.ubulk" 367
"../../../Engine/Content/VREditor/Sounds/UI/Object_Snaps_To_Grid.uasset" 368
"../../../Engine/Content/VREditor/Sounds/UI/Object_Snaps_To_Grid.uexp" 369
"../../../Engine/Content/VREditor/Sounds/UI/Selection_Changes.ubulk" 370
"../../../Engine/Content/VREditor/Sounds/UI/Selection_Changes.uasset" 371
"../../../Engine/Content/VREditor/Sounds/UI/Selection_Changes.uexp" 372
"../../../Engine/Content/VREditor/Sounds/UI/Object_Snaps_To_Another_Actor.ubulk" 373
"../../../Engine/Content/VREditor/Sounds/UI/Object_Snaps_To_Another_Actor.uasset" 374
"../../../Engine/Content/VREditor/Sounds/UI/Object_Snaps_To_Another_Actor.uexp" 375
"../../../Engine/Content/VREditor/TransformGizmo/TranslucentTransformGizmoMaterial_Inst.uasset" 376
"../../../Engine/Content/VREditor/TransformGizmo/TranslucentTransformGizmoMaterial_Inst.uexp" 377
"../../../Engine/Content/VREditor/TransformGizmo/TransformGizmoFreeRotation.uasset" 378
"../../../Engine/Content/VREditor/TransformGizmo/TransformGizmoFreeRotation.uexp" 379
"../../../Engine/Content/VREditor/Sounds/UI/Scaling_Down.ubulk" 380
"../../../Engine/Content/VREditor/Sounds/UI/Scaling_Down.uasset" 381
"../../../Engine/Content/VREditor/Sounds/UI/Scaling_Down.uexp" 382
"../../../Engine/Content/Functions/Engine_MaterialFunctions02/Math/Transform3x3Matrix.uasset" 383
"../../../Engine/Content/Functions/Engine_MaterialFunctions02/Math/Transform3x3Matrix.uexp" 384
"../../../Engine/Content/Functions/Engine_MaterialFunctions02/SplitComponents.uasset" 385
"../../../Engine/Content/Functions/Engine_MaterialFunctions02/SplitComponents.uexp" 386
"../../../Engine/Content/Functions/Engine_MaterialFunctions02/Utility/MakeFloat3.uasset" 387
"../../../Engine/Content/Functions/Engine_MaterialFunctions02/Utility/MakeFloat3.uexp" 388
"../../../Engine/Content/VREditor/SnapGrid/SnapGridMaterial.uasset" 389
"../../../Engine/Content/VREditor/SnapGrid/SnapGridMaterial.uexp" 390
"../../../Engine/Content/VREditor/SnapGrid/SnapGridPlaneMesh.uasset" 391
"../../../Engine/Content/VREditor/SnapGrid/SnapGridPlaneMesh.uexp" 392
"../../../Engine/Content/VREditor/Sounds/UI/Scaling_Up.ubulk" 393
"../../../Engine/Content/VREditor/Sounds/UI/Scaling_Up.uasset" 394
"../../../Engine/Content/VREditor/Sounds/UI/Scaling_Up.uexp" 395
"../../../Engine/Content/VREditor/TransformGizmo/TransformGizmoMaterial_Inst.uasset" 396
"../../../Engine/Content/VREditor/TransformGizmo/TransformGizmoMaterial_Inst.uexp" 397
"../../../Engine/Content/VREditor/Sounds/UI/Gizmo_Handle_Clicked.ubulk" 398
"../../../Engine/Content/VREditor/Sounds/UI/Gizmo_Handle_Clicked.uasset" 399
"../../../Engine/Content/VREditor/Sounds/UI/Gizmo_Handle_Clicked.uexp" 400
"../../../Engine/Content/VREditor/TransformGizmo/RotationHandleQuarter.uasset" 401
"../../../Engine/Content/VREditor/TransformGizmo/RotationHandleQuarter.uexp" 402
"../../../Engine/Content/VREditor/TransformGizmo/TranslateArrowHandle.uasset" 403
"../../../Engine/Content/VREditor/TransformGizmo/TranslateArrowHandle.uexp" 404
"../../../Engine/Content/VREditor/TransformGizmo/RotationHandleIndicator.uasset" 405
"../../../Engine/Content/VREditor/TransformGizmo/RotationHandleIndicator.uexp" 406
"../../../Engine/Content/VREditor/TransformGizmo/UniformScaleHandle.uasset" 407
"../../../Engine/Content/VREditor/TransformGizmo/UniformScaleHandle.uexp" 408
"../../../Engine/Content/VREditor/TransformGizmo/RotationHandleFull.uasset" 409
"../../../Engine/Content/VREditor/TransformGizmo/RotationHandleFull.uexp" 410
"../../../Engine/Content/VREditor/Sounds/UI/Object_PickUp.ubulk" 411
"../../../Engine/Content/VREditor/Sounds/UI/Object_PickUp.uasset" 412
"../../../Engine/Content/VREditor/Sounds/UI/Object_PickUp.uexp" 413
"../../../Engine/Content/EngineSounds/Master.uasset" 414
"../../../Engine/Content/EngineSounds/Master.uexp" 415
"../../../Engine/Content/EngineResources/WhiteSquareTexture.uasset" 416
"../../../Engine/Content/EngineResources/WhiteSquareTexture.uexp" 417
"../../../Engine/Content/EngineMaterials/Widget3DPassThrough.uasset" 418
"../../../Engine/Content/EngineMaterials/Widget3DPassThrough.uexp" 419
"../../../Engine/Content/EngineMaterials/Widget3DPassThrough_Translucent.uasset" 420
"../../../Engine/Content/EngineMaterials/Widget3DPassThrough_Translucent.uexp" 421
"../../../Engine/Content/EngineMaterials/Widget3DPassThrough_Translucent_OneSided.uasset" 422
"../../../Engine/Content/EngineMaterials/Widget3DPassThrough_Translucent_OneSided.uexp" 423
"../../../Engine/Content/EngineMaterials/Widget3DPassThrough_Opaque.uasset" 424
"../../../Engine/Content/EngineMaterials/Widget3DPassThrough_Opaque.uexp" 425
"../../../Engine/Content/EngineMaterials/Widget3DPassThrough_Opaque_OneSided.uasset" 426
"../../../Engine/Content/EngineMaterials/Widget3DPassThrough_Opaque_OneSided.uexp" 427
"../../../Engine/Content/EngineMaterials/Widget3DPassThrough_Masked_OneSided.uasset" 428
"../../../Engine/Content/EngineMaterials/Widget3DPassThrough_Masked_OneSided.uexp" 429
"../../../Engine/Content/EngineMaterials/Widget3DPassThrough_Masked.uasset" 430
"../../../Engine/Content/EngineMaterials/Widget3DPassThrough_Masked.uexp" 431
"../../../Engine/Content/EngineMaterials/STBlueNoise_vec2_128x128x64.uasset" 432
"../../../Engine/Content/EngineMaterials/STBlueNoise_vec2_128x128x64.uexp" 433
"../../../Engine/Content/EngineMaterials/STBlueNoise_scalar_128x128x64.uasset" 434
"../../../Engine/Content/EngineMaterials/STBlueNoise_scalar_128x128x64.uexp" 435
"../../../Engine/Content/EngineMaterials/RemoveSurfaceMaterial.uasset" 436
"../../../Engine/Content/EngineMaterials/RemoveSurfaceMaterial.uexp" 437
"../../../Engine/Content/EngineMaterials/DefaultCalibrationGrayscale.uasset" 438
"../../../Engine/Content/EngineMaterials/DefaultCalibrationGrayscale.uexp" 439
"../../../Engine/Content/EngineMaterials/PPM_DefaultCalibrationGrayscale.uasset" 440
"../../../Engine/Content/EngineMaterials/PPM_DefaultCalibrationGrayscale.uexp" 441
"../../../Engine/Content/EngineMaterials/DefaultCalibrationColor.uasset" 442
"../../../Engine/Content/EngineMaterials/DefaultCalibrationColor.uexp" 443
"../../../Engine/Content/EngineMaterials/PPM_DefaultCalibrationColor.uasset" 444
"../../../Engine/Content/EngineMaterials/PPM_DefaultCalibrationColor.uexp" 445
"../../../Engine/Content/EngineMaterials/PhAT_JointLimitMaterial.uasset" 446
"../../../Engine/Content/EngineMaterials/PhAT_JointLimitMaterial.uexp" 447
"../../../Engine/Content/EngineMaterials/NaniteHiddenSectionMaterial.uasset" 448
"../../../Engine/Content/EngineMaterials/NaniteHiddenSectionMaterial.uexp" 449
"../../../Engine/Content/EngineMaterials/InvalidLightmapSettings.ubulk" 450
"../../../Engine/Content/EngineMaterials/InvalidLightmapSettings.uasset" 451
"../../../Engine/Content/EngineMaterials/InvalidLightmapSettings.uexp" 452
"../../../Engine/Content/EngineMaterials/M_InvalidLightmapSettings.uasset" 453
"../../../Engine/Content/EngineMaterials/M_InvalidLightmapSettings.uexp" 454
"../../../Engine/Content/EngineMaterials/GizmoMaterial.uasset" 455
"../../../Engine/Content/EngineMaterials/GizmoMaterial.uexp" 456
"../../../Engine/Content/EngineMaterials/BaseFlattenEmissiveMap_VT.uasset" 457
"../../../Engine/Content/EngineMaterials/BaseFlattenEmissiveMap_VT.uexp" 458
"../../../Engine/Content/EngineMaterials/BaseFlattenGrayscaleMap_VT.uasset" 459
"../../../Engine/Content/EngineMaterials/BaseFlattenGrayscaleMap_VT.uexp" 460
"../../../Engine/Content/EngineMaterials/BaseFlattenLinearColor_VT.uasset" 461
"../../../Engine/Content/EngineMaterials/BaseFlattenLinearColor_VT.uexp" 462
"../../../Engine/Content/EngineMaterials/Black_1x1_EXR_Texture_VT.uasset" 463
"../../../Engine/Content/EngineMaterials/Black_1x1_EXR_Texture_VT.uexp" 464
"../../../Engine/Content/EngineMaterials/BaseFlattenDiffuseMap_VT.uasset" 465
"../../../Engine/Content/EngineMaterials/BaseFlattenDiffuseMap_VT.uexp" 466
"../../../Engine/Content/EngineMaterials/BaseFlattenNormalMap_VT.uasset" 467
"../../../Engine/Content/EngineMaterials/BaseFlattenNormalMap_VT.uexp" 468
"../../../Engine/Content/EngineMaterials/FlattenMaterial_WS_Normal_VT.uasset" 469
"../../../Engine/Content/EngineMaterials/FlattenMaterial_WS_Normal_VT.uexp" 470
"../../../Engine/Content/EngineMaterials/FlattenMaterial_VT.uasset" 471
"../../../Engine/Content/EngineMaterials/FlattenMaterial_VT.uexp" 472
"../../../Engine/Content/EngineMaterials/BaseFlattenNormalMap.uasset" 473
"../../../Engine/Content/EngineMaterials/BaseFlattenNormalMap.uexp" 474
"../../../Engine/Content/EngineMaterials/BaseFlattenGrayscaleMap.uasset" 475
"../../../Engine/Content/EngineMaterials/BaseFlattenGrayscaleMap.uexp" 476
"../../../Engine/Content/EngineMaterials/BaseFlattenDiffuseMap.uasset" 477
"../../../Engine/Content/EngineMaterials/BaseFlattenDiffuseMap.uexp" 478
"../../../Engine/Content/Functions/Engine_MaterialFunctions02/PivotPainter2/Black_1x1_EXR_Texture.uasset" 479
"../../../Engine/Content/Functions/Engine_MaterialFunctions02/PivotPainter2/Black_1x1_EXR_Texture.uexp" 480
"../../../Engine/Content/EngineMaterials/BaseFlattenEmissiveMap.uasset" 481
"../../../Engine/Content/EngineMaterials/BaseFlattenEmissiveMap.uexp" 482
"../../../Engine/Content/EngineMaterials/BaseFlattenLinearColor.uasset" 483
"../../../Engine/Content/EngineMaterials/BaseFlattenLinearColor.uexp" 484
"../../../Engine/Content/EngineMaterials/FlattenMaterial.uasset" 485
"../../../Engine/Content/EngineMaterials/FlattenMaterial.uexp" 486
"../../../Engine/Content/EngineMaterials/DefaultWhiteGrid_Low.uasset" 487
"../../../Engine/Content/EngineMaterials/DefaultWhiteGrid_Low.uexp" 488
"../../../Engine/Content/EngineMaterials/EmissiveMeshMaterial.uasset" 489
"../../../Engine/Content/EngineMaterials/EmissiveMeshMaterial.uexp" 490
"../../../Engine/Content/EngineFonts/RobotoDistanceField.uasset" 491
"../../../Engine/Content/EngineFonts/RobotoDistanceField.uexp" 492
"../../../Engine/Content/EngineMaterials/DefaultTextMaterialOpaque.uasset" 493
"../../../Engine/Content/EngineMaterials/DefaultTextMaterialOpaque.uexp" 494
"../../../Engine/Content/EngineMaterials/DefaultDiffuse.ubulk" 495
"../../../Engine/Content/EngineMaterials/DefaultDiffuse.uasset" 496
"../../../Engine/Content/EngineMaterials/DefaultDiffuse.uexp" 497
"../../../Engine/Content/Functions/Engine_MaterialFunctions02/Utility/BreakOutFloat2Components.uasset" 498
"../../../Engine/Content/Functions/Engine_MaterialFunctions02/Utility/BreakOutFloat2Components.uexp" 499
"../../../Engine/Content/EngineMaterials/DefaultPostProcessMaterial.uasset" 500
"../../../Engine/Content/EngineMaterials/DefaultPostProcessMaterial.uexp" 501
"../../../Engine/Content/EngineMaterials/DefaultPhysicalMaterial.uasset" 502
"../../../Engine/Content/EngineMaterials/DefaultPhysicalMaterial.uexp" 503
"../../../Engine/Content/EngineMaterials/DefaultLightFunctionMaterial.uasset" 504
"../../../Engine/Content/EngineMaterials/DefaultLightFunctionMaterial.uexp" 505
"../../../Engine/Content/EngineMaterials/DefaultDestructiblePhysicalMaterial.uasset" 506
"../../../Engine/Content/EngineMaterials/DefaultDestructiblePhysicalMaterial.uexp" 507
"../../../Engine/Content/EngineMaterials/DefaultDeferredDecalMaterial.uasset" 508
"../../../Engine/Content/EngineMaterials/DefaultDeferredDecalMaterial.uexp" 509
"../../../Engine/Content/EngineMaterials/DefaultBloomKernel.uasset" 510
"../../../Engine/Content/EngineMaterials/DefaultBloomKernel.uexp" 511
"../../../Engine/Content/EngineFonts/Faces/RobotoLight.uexp" 512
"../../../Engine/Content/EngineFonts/Faces/RobotoLight.uasset" 513
"../../../Engine/Content/EngineFonts/Faces/RobotoLight.ufont" 514
"../../../Engine/Content/EngineFonts/Faces/RobotoBold.uexp" 515
"../../../Engine/Content/EngineFonts/Faces/RobotoBold.uasset" 516
"../../../Engine/Content/EngineFonts/Faces/RobotoBold.ufont" 517
"../../../Engine/Content/EngineFonts/Faces/RobotoRegular.uexp" 518
"../../../Engine/Content/EngineFonts/Faces/RobotoRegular.uasset" 519
"../../../Engine/Content/EngineFonts/Faces/RobotoRegular.ufont" 520
"../../../Engine/Content/EngineFonts/Faces/DroidSansFallback.uexp" 521
"../../../Engine/Content/EngineFonts/Faces/DroidSansFallback.uasset" 522
"../../../Engine/Content/EngineFonts/Faces/DroidSansFallback.ufont" 523
"../../../Engine/Content/EngineFonts/Faces/RobotoItalic.uexp" 524
"../../../Engine/Content/EngineFonts/Faces/RobotoItalic.uasset" 525
"../../../Engine/Content/EngineFonts/Faces/RobotoItalic.ufont" 526
"../../../Engine/Content/EngineFonts/Faces/RobotoBoldItalic.uexp" 527
"../../../Engine/Content/EngineFonts/Faces/RobotoBoldItalic.uasset" 528
"../../../Engine/Content/EngineFonts/Faces/RobotoBoldItalic.ufont" 529
"../../../Engine/Content/EngineFonts/Roboto.uasset" 530
"../../../Engine/Content/EngineFonts/Roboto.uexp" 531
"../../../Engine/Content/EngineDebugMaterials/VolumeToRender.uasset" 532
"../../../Engine/Content/EngineDebugMaterials/VolumeToRender.uexp" 533
"../../../Engine/Content/EngineDebugMaterials/M_VolumeRenderSphereTracePP.uasset" 534
"../../../Engine/Content/EngineDebugMaterials/M_VolumeRenderSphereTracePP.uexp" 535
"../../../Engine/Content/EngineDebugMaterials/M_SimpleUnlitTranslucent.uasset" 536
"../../../Engine/Content/EngineDebugMaterials/M_SimpleUnlitTranslucent.uexp" 537
"../../../Engine/Content/EngineDebugMaterials/DebugMeshMaterial.uasset" 538
"../../../Engine/Content/EngineDebugMaterials/DebugMeshMaterial.uexp" 539
"../../../Engine/Content/EngineDebugMaterials/DebugEditorMaterial.uasset" 540
"../../../Engine/Content/EngineDebugMaterials/DebugEditorMaterial.uexp" 541
"../../../Engine/Content/EngineDamageTypes/DmgTypeBP_Environmental.uasset" 542
"../../../Engine/Content/EngineDamageTypes/DmgTypeBP_Environmental.uexp" 543
"../../../Engine/Content/EditorResources/S_Terrain.ubulk" 544
"../../../Engine/Content/EditorResources/S_Terrain.uasset" 545
"../../../Engine/Content/EditorResources/S_Terrain.uexp" 546
"../../../Engine/Content/EditorResources/EmptyActor.uasset" 547
"../../../Engine/Content/EditorResources/EmptyActor.uexp" 548
"../../../Engine/Content/EditorResources/BSPVertex.uasset" 549
"../../../Engine/Content/EditorResources/BSPVertex.uexp" 550
"../../../Engine/Content/EditorMaterials/PreviewShadowIndicator.ubulk" 551
"../../../Engine/Content/EditorMaterials/PreviewShadowIndicator.uasset" 552
"../../../Engine/Content/EditorMaterials/PreviewShadowIndicator.uexp" 553
"../../../Engine/Content/EditorMaterials/PreviewShadowIndicatorMaterial.uasset" 554
"../../../Engine/Content/EditorMaterials/PreviewShadowIndicatorMaterial.uexp" 555
"../../../Engine/Content/EditorMaterials/PhAT_UnselectedMaterial.uasset" 556
"../../../Engine/Content/EditorMaterials/PhAT_UnselectedMaterial.uexp" 557
"../../../Engine/Content/EditorMaterials/PhAT_NoCollisionMaterial.uasset" 558
"../../../Engine/Content/EditorMaterials/PhAT_NoCollisionMaterial.uexp" 559
"../../../Engine/Content/EditorLandscapeResources/DefaultAlphaTexture.uasset" 560
"../../../Engine/Content/EditorLandscapeResources/DefaultAlphaTexture.uexp" 561
"../../../Engine/Content/EditorLandscapeResources/DataLayer.uasset" 562
"../../../Engine/Content/EditorLandscapeResources/DataLayer.uexp" 563
"../../../Engine/Content/EngineMaterials/DefaultMaterial.uasset" 564
"../../../Engine/Content/EngineMaterials/DefaultMaterial.uexp" 565
"../../../Engine/Content/BasicShapes/Sphere.uasset" 566
"../../../Engine/Content/BasicShapes/Sphere.uexp" 567
"../../../Engine/Content/BasicShapes/Plane.uasset" 568
"../../../Engine/Content/BasicShapes/Plane.uexp" 569
"../../../Engine/Content/BasicShapes/Cylinder.uasset" 570
"../../../Engine/Content/BasicShapes/Cylinder.uexp" 571
"../../../Engine/Content/BasicShapes/Cone.uasset" 572
"../../../Engine/Content/BasicShapes/Cone.uexp" 573
"../../../Engine/Content/BasicShapes/BasicShapeMaterial.uasset" 574
"../../../Engine/Content/BasicShapes/BasicShapeMaterial.uexp" 575
"../../../Engine/Content/Animation/DefaultVariableFrameStrippingSettings.uasset" 576
"../../../Engine/Content/Animation/DefaultVariableFrameStrippingSettings.uexp" 577
"../../../Engine/Content/Animation/DefaultRecorderBoneCompression.uasset" 578
"../../../Engine/Content/Animation/DefaultRecorderBoneCompression.uexp" 579
"C:/Users/cadea/Documents/Unreal Projects/ToonTanks/Content/Assets/Materials/M_ParticleBase.uasset" 580
"C:/Users/cadea/Documents/Unreal Projects/ToonTanks/Content/Assets/Materials/M_ParticleBase.uexp" 581
"C:/Users/cadea/Documents/Unreal Projects/ToonTanks/Content/Assets/Materials/M_Particle_Inst.uasset" 582
"C:/Users/cadea/Documents/Unreal Projects/ToonTanks/Content/Assets/Materials/M_Particle_Inst.uexp" 583
"C:/Users/cadea/Documents/Unreal Projects/ToonTanks/Content/Assets/Meshes/SM_Sphere.uasset" 584
"C:/Users/cadea/Documents/Unreal Projects/ToonTanks/Content/Assets/Meshes/SM_Sphere.uexp" 585
"C:/Users/cadea/Documents/Unreal Projects/ToonTanks/Content/Assets/Effects/P_ProjectileTrail.uasset" 586
"C:/Users/cadea/Documents/Unreal Projects/ToonTanks/Content/Assets/Effects/P_ProjectileTrail.uexp" 587
"C:/Users/cadea/Documents/Unreal Projects/ToonTanks/Content/Assets/Textures/T_ColourGrid.ubulk" 588
"C:/Users/cadea/Documents/Unreal Projects/ToonTanks/Content/Assets/Textures/T_ColourGrid.uasset" 589
"C:/Users/cadea/Documents/Unreal Projects/ToonTanks/Content/Assets/Textures/T_ColourGrid.uexp" 590
"C:/Users/cadea/Documents/Unreal Projects/ToonTanks/Content/Assets/Materials/M_TextureBase.uasset" 591
"C:/Users/cadea/Documents/Unreal Projects/ToonTanks/Content/Assets/Materials/M_TextureBase.uexp" 592
"C:/Users/cadea/Documents/Unreal Projects/ToonTanks/Content/Assets/Materials/M_Texture_Inst.uasset" 593
"C:/Users/cadea/Documents/Unreal Projects/ToonTanks/Content/Assets/Materials/M_Texture_Inst.uexp" 594
"C:/Users/cadea/Documents/Unreal Projects/ToonTanks/Content/Assets/Materials/M_EmissiveBase.uasset" 595
"C:/Users/cadea/Documents/Unreal Projects/ToonTanks/Content/Assets/Materials/M_EmissiveBase.uexp" 596
"C:/Users/cadea/Documents/Unreal Projects/ToonTanks/Content/Assets/Materials/M_EmissiveRed_Inst.uasset" 597
"C:/Users/cadea/Documents/Unreal Projects/ToonTanks/Content/Assets/Materials/M_EmissiveRed_Inst.uexp" 598
"C:/Users/cadea/Documents/Unreal Projects/ToonTanks/Content/Assets/Meshes/SM_Projectile.uasset" 599
"C:/Users/cadea/Documents/Unreal Projects/ToonTanks/Content/Assets/Meshes/SM_Projectile.uexp" 600
"C:/Users/cadea/Documents/Unreal Projects/ToonTanks/Content/Assets/Audio/Thud_Audio.ubulk" 601
"C:/Users/cadea/Documents/Unreal Projects/ToonTanks/Content/Assets/Audio/Thud_Audio.uasset" 602
"C:/Users/cadea/Documents/Unreal Projects/ToonTanks/Content/Assets/Audio/Thud_Audio.uexp" 603
"C:/Users/cadea/Documents/Unreal Projects/ToonTanks/Content/CameraShake/BP_CameraShake.uasset" 604
"C:/Users/cadea/Documents/Unreal Projects/ToonTanks/Content/CameraShake/BP_CameraShake.uexp" 605
"C:/Users/cadea/Documents/Unreal Projects/ToonTanks/Content/Assets/Effects/P_HitEffect.uasset" 606
"C:/Users/cadea/Documents/Unreal Projects/ToonTanks/Content/Assets/Effects/P_HitEffect.uexp" 607
"C:/Users/cadea/Documents/Unreal Projects/ToonTanks/Content/Blueprints/Pawns/BP_Projectile.uasset" 608
"C:/Users/cadea/Documents/Unreal Projects/ToonTanks/Content/Blueprints/Pawns/BP_Projectile.uexp" 609
"C:/Users/cadea/Documents/Unreal Projects/ToonTanks/Content/Assets/Meshes/SM_TowerTurret.uasset" 610
"C:/Users/cadea/Documents/Unreal Projects/ToonTanks/Content/Assets/Meshes/SM_TowerTurret.uexp" 611
"C:/Users/cadea/Documents/Unreal Projects/ToonTanks/Content/Assets/Effects/P_DeathEffect.uasset" 612
"C:/Users/cadea/Documents/Unreal Projects/ToonTanks/Content/Assets/Effects/P_DeathEffect.uexp" 613
"C:/Users/cadea/Documents/Unreal Projects/ToonTanks/Content/Assets/Audio/Explode_Audio.ubulk" 614
"C:/Users/cadea/Documents/Unreal Projects/ToonTanks/Content/Assets/Audio/Explode_Audio.uasset" 615
"C:/Users/cadea/Documents/Unreal Projects/ToonTanks/Content/Assets/Audio/Explode_Audio.uexp" 616
"C:/Users/cadea/Documents/Unreal Projects/ToonTanks/Content/Assets/Meshes/SM_TowerBase.uasset" 617
"C:/Users/cadea/Documents/Unreal Projects/ToonTanks/Content/Assets/Meshes/SM_TowerBase.uexp" 618
"C:/Users/cadea/Documents/Unreal Projects/ToonTanks/Content/CameraShake/BP_DeathCameraShake.uasset" 619
"C:/Users/cadea/Documents/Unreal Projects/ToonTanks/Content/CameraShake/BP_DeathCameraShake.uexp" 620
"C:/Users/cadea/Documents/Unreal Projects/ToonTanks/Content/Blueprints/Pawns/BP_Turret.uasset" 621
"C:/Users/cadea/Documents/Unreal Projects/ToonTanks/Content/Blueprints/Pawns/BP_Turret.uexp" 622
"C:/Users/cadea/Documents/Unreal Projects/ToonTanks/Content/Blueprints/Widgets/WBP_StartGameWidget.uasset" 623
"C:/Users/cadea/Documents/Unreal Projects/ToonTanks/Content/Blueprints/Widgets/WBP_StartGameWidget.uexp" 624
"C:/Users/cadea/Documents/Unreal Projects/ToonTanks/Content/Blueprints/PlayerController/BP_ToonTanksPlayerController.uasset" 625
"C:/Users/cadea/Documents/Unreal Projects/ToonTanks/Content/Blueprints/PlayerController/BP_ToonTanksPlayerController.uexp" 626
"C:/Users/cadea/Documents/Unreal Projects/ToonTanks/Content/Input/IA_Look.uasset" 627
"C:/Users/cadea/Documents/Unreal Projects/ToonTanks/Content/Input/IA_Look.uexp" 628
"C:/Users/cadea/Documents/Unreal Projects/ToonTanks/Content/Input/IA_Fire.uasset" 629
"C:/Users/cadea/Documents/Unreal Projects/ToonTanks/Content/Input/IA_Fire.uexp" 630
"C:/Users/cadea/Documents/Unreal Projects/ToonTanks/Content/Input/IA_Move.uasset" 631
"C:/Users/cadea/Documents/Unreal Projects/ToonTanks/Content/Input/IA_Move.uexp" 632
"C:/Users/cadea/Documents/Unreal Projects/ToonTanks/Content/Input/IMC_Tank.uasset" 633
"C:/Users/cadea/Documents/Unreal Projects/ToonTanks/Content/Input/IMC_Tank.uexp" 634
"C:/Users/cadea/Documents/Unreal Projects/ToonTanks/Content/Assets/Materials/M_EmissiveGreen_Inst.uasset" 635
"C:/Users/cadea/Documents/Unreal Projects/ToonTanks/Content/Assets/Materials/M_EmissiveGreen_Inst.uexp" 636
"C:/Users/cadea/Documents/Unreal Projects/ToonTanks/Content/Assets/Meshes/SM_TankBase.uasset" 637
"C:/Users/cadea/Documents/Unreal Projects/ToonTanks/Content/Assets/Meshes/SM_TankBase.uexp" 638
"C:/Users/cadea/Documents/Unreal Projects/ToonTanks/Content/Assets/Meshes/SM_TankTurret.uasset" 639
"C:/Users/cadea/Documents/Unreal Projects/ToonTanks/Content/Assets/Meshes/SM_TankTurret.uexp" 640
"C:/Users/cadea/Documents/Unreal Projects/ToonTanks/Content/Blueprints/Pawns/BP_Tank.uasset" 641
"C:/Users/cadea/Documents/Unreal Projects/ToonTanks/Content/Blueprints/Pawns/BP_Tank.uexp" 642
"C:/Users/cadea/Documents/Unreal Projects/ToonTanks/Content/Blueprints/Widgets/WBP_EndGameWidget.uasset" 643
"C:/Users/cadea/Documents/Unreal Projects/ToonTanks/Content/Blueprints/Widgets/WBP_EndGameWidget.uexp" 644
"C:/Users/cadea/Documents/Unreal Projects/ToonTanks/Content/Blueprints/GameMode/BP_ToonTanksGameMode.uasset" 645
"C:/Users/cadea/Documents/Unreal Projects/ToonTanks/Content/Blueprints/GameMode/BP_ToonTanksGameMode.uexp" 646
"../../../Engine/Plugins/Interchange/Runtime/Content/gltf/MaterialFunctions/MF_RotateV2.uasset" 647
"../../../Engine/Plugins/Interchange/Runtime/Content/gltf/MaterialFunctions/MF_RotateV2.uexp" 648
"../../../Engine/Plugins/Interchange/Runtime/Content/gltf/MaterialFunctions/MF_TransformUVs.uasset" 649
"../../../Engine/Plugins/Interchange/Runtime/Content/gltf/MaterialFunctions/MF_TransformUVs.uexp" 650
"../../../Engine/Plugins/Interchange/Runtime/Content/gltf/Textures/T_White_srgb.uasset" 651
"../../../Engine/Plugins/Interchange/Runtime/Content/gltf/Textures/T_White_srgb.uexp" 652
"../../../Engine/Plugins/Interchange/Runtime/Content/gltf/MaterialFunctions/MF_BaseColor.uasset" 653
"../../../Engine/Plugins/Interchange/Runtime/Content/gltf/MaterialFunctions/MF_BaseColor.uexp" 654
"../../../Engine/Plugins/Interchange/Runtime/Content/gltf/MaterialBodies/MF_Unlit_Body.uasset" 655
"../../../Engine/Plugins/Interchange/Runtime/Content/gltf/MaterialBodies/MF_Unlit_Body.uexp" 656
"../../../Engine/Plugins/Interchange/Runtime/Content/gltf/M_Unlit.uasset" 657
"../../../Engine/Plugins/Interchange/Runtime/Content/gltf/M_Unlit.uexp" 658
"../../../Engine/Plugins/Interchange/Runtime/Content/gltf/MaterialInstances/MI_Unlit_Opaque_DS.uasset" 659
"../../../Engine/Plugins/Interchange/Runtime/Content/gltf/MaterialInstances/MI_Unlit_Opaque_DS.uexp" 660
"../../../Engine/Plugins/Interchange/Runtime/Content/gltf/MaterialInstances/MI_Unlit_Opaque.uasset" 661
"../../../Engine/Plugins/Interchange/Runtime/Content/gltf/MaterialInstances/MI_Unlit_Opaque.uexp" 662
"../../../Engine/Plugins/Interchange/Runtime/Content/gltf/MaterialInstances/MI_Unlit_Mask_DS.uasset" 663
"../../../Engine/Plugins/Interchange/Runtime/Content/gltf/MaterialInstances/MI_Unlit_Mask_DS.uexp" 664
"../../../Engine/Plugins/Interchange/Runtime/Content/gltf/MaterialInstances/MI_Unlit_Mask.uasset" 665
"../../../Engine/Plugins/Interchange/Runtime/Content/gltf/MaterialInstances/MI_Unlit_Mask.uexp" 666
"../../../Engine/Plugins/Interchange/Runtime/Content/gltf/MaterialInstances/MI_Unlit_Blend_DS.uasset" 667
"../../../Engine/Plugins/Interchange/Runtime/Content/gltf/MaterialInstances/MI_Unlit_Blend_DS.uexp" 668
"../../../Engine/Plugins/Interchange/Runtime/Content/gltf/MaterialInstances/MI_Unlit_Blend.uasset" 669
"../../../Engine/Plugins/Interchange/Runtime/Content/gltf/MaterialInstances/MI_Unlit_Blend.uexp" 670
"../../../Engine/Plugins/Interchange/Runtime/Content/gltf/MaterialFunctions/MF_Iridescence.uasset" 671
"../../../Engine/Plugins/Interchange/Runtime/Content/gltf/MaterialFunctions/MF_Iridescence.uexp" 672
"../../../Engine/Plugins/Interchange/Runtime/Content/gltf/Textures/T_White_Linear.uasset" 673
"../../../Engine/Plugins/Interchange/Runtime/Content/gltf/Textures/T_White_Linear.uexp" 674
"../../../Engine/Plugins/Interchange/Runtime/Content/gltf/MaterialFunctions/MF_MetallicRoughness.uasset" 675
"../../../Engine/Plugins/Interchange/Runtime/Content/gltf/MaterialFunctions/MF_MetallicRoughness.uexp" 676
"../../../Engine/Plugins/Interchange/Runtime/Content/gltf/MaterialFunctions/MF_Transmission.uasset" 677
"../../../Engine/Plugins/Interchange/Runtime/Content/gltf/MaterialFunctions/MF_Transmission.uexp" 678
"../../../Engine/Plugins/Interchange/Runtime/Content/gltf/MaterialFunctions/MF_Occlusion.uasset" 679
"../../../Engine/Plugins/Interchange/Runtime/Content/gltf/MaterialFunctions/MF_Occlusion.uexp" 680
"../../../Engine/Plugins/Interchange/Runtime/Content/gltf/MaterialFunctions/MF_Specular.uasset" 681
"../../../Engine/Plugins/Interchange/Runtime/Content/gltf/MaterialFunctions/MF_Specular.uexp" 682
"../../../Engine/Plugins/Interchange/Runtime/Content/gltf/MaterialFunctions/MF_IOR.uasset" 683
"../../../Engine/Plugins/Interchange/Runtime/Content/gltf/MaterialFunctions/MF_IOR.uexp" 684
"../../../Engine/Plugins/Interchange/Runtime/Content/gltf/MaterialFunctions/MF_RotateNormals_TS.uasset" 685
"../../../Engine/Plugins/Interchange/Runtime/Content/gltf/MaterialFunctions/MF_RotateNormals_TS.uexp" 686
"../../../Engine/Plugins/Interchange/Runtime/Content/gltf/Textures/T_Generic_N.uasset" 687
"../../../Engine/Plugins/Interchange/Runtime/Content/gltf/Textures/T_Generic_N.uexp" 688
"../../../Engine/Plugins/Interchange/Runtime/Content/gltf/MaterialFunctions/MF_Normals.uasset" 689
"../../../Engine/Plugins/Interchange/Runtime/Content/gltf/MaterialFunctions/MF_Normals.uexp" 690
"../../../Engine/Plugins/Interchange/Runtime/Content/gltf/MaterialBodies/MF_Transmission_Body.uasset" 691
"../../../Engine/Plugins/Interchange/Runtime/Content/gltf/MaterialBodies/MF_Transmission_Body.uexp" 692
"../../../Engine/Plugins/Interchange/Runtime/Content/gltf/M_Transmission.uasset" 693
"../../../Engine/Plugins/Interchange/Runtime/Content/gltf/M_Transmission.uexp" 694
"../../../Engine/Plugins/Interchange/Runtime/Content/gltf/MaterialInstances/MI_Transmission_DS.uasset" 695
"../../../Engine/Plugins/Interchange/Runtime/Content/gltf/MaterialInstances/MI_Transmission_DS.uexp" 696
"../../../Engine/Plugins/Interchange/Runtime/Content/gltf/MaterialInstances/MI_Transmission.uasset" 697
"../../../Engine/Plugins/Interchange/Runtime/Content/gltf/MaterialInstances/MI_Transmission.uexp" 698
"../../../Engine/Plugins/Interchange/Runtime/Content/gltf/MaterialFunctions/MF_DiffuseSpecGloss.uasset" 699
"../../../Engine/Plugins/Interchange/Runtime/Content/gltf/MaterialFunctions/MF_DiffuseSpecGloss.uexp" 700
"../../../Engine/Content/Functions/Engine_MaterialFunctions02/Math/AddComponents.uasset" 701
"../../../Engine/Content/Functions/Engine_MaterialFunctions02/Math/AddComponents.uexp" 702
"../../../Engine/Plugins/Interchange/Runtime/Content/gltf/MaterialFunctions/MF_PerceivedBrightness.uasset" 703
"../../../Engine/Plugins/Interchange/Runtime/Content/gltf/MaterialFunctions/MF_PerceivedBrightness.uexp" 704
"../../../Engine/Plugins/Interchange/Runtime/Content/gltf/MaterialFunctions/MF_Emissive.uasset" 705
"../../../Engine/Plugins/Interchange/Runtime/Content/gltf/MaterialFunctions/MF_Emissive.uexp" 706
"../../../Engine/Plugins/Interchange/Runtime/Content/gltf/MaterialFunctions/MF_SpecGlossToMetalRoughness.uasset" 707
"../../../Engine/Plugins/Interchange/Runtime/Content/gltf/MaterialFunctions/MF_SpecGlossToMetalRoughness.uexp" 708
"../../../Engine/Plugins/Interchange/Runtime/Content/gltf/MaterialBodies/MF_SpecularGlossiness_Body.uasset" 709
"../../../Engine/Plugins/Interchange/Runtime/Content/gltf/MaterialBodies/MF_SpecularGlossiness_Body.uexp" 710
"../../../Engine/Plugins/Interchange/Runtime/Content/gltf/M_SpecularGlossiness.uasset" 711
"../../../Engine/Plugins/Interchange/Runtime/Content/gltf/M_SpecularGlossiness.uexp" 712
"../../../Engine/Plugins/Interchange/Runtime/Content/gltf/MaterialInstances/MI_SpecularGlossiness_Opaque_DS.uasset" 713
"../../../Engine/Plugins/Interchange/Runtime/Content/gltf/MaterialInstances/MI_SpecularGlossiness_Opaque_DS.uexp" 714
"../../../Engine/Plugins/Interchange/Runtime/Content/gltf/MaterialInstances/MI_SpecularGlossiness_Opaque.uasset" 715
"../../../Engine/Plugins/Interchange/Runtime/Content/gltf/MaterialInstances/MI_SpecularGlossiness_Opaque.uexp" 716
"../../../Engine/Plugins/Interchange/Runtime/Content/gltf/MaterialInstances/MI_SpecularGlossiness_Mask_DS.uasset" 717
"../../../Engine/Plugins/Interchange/Runtime/Content/gltf/MaterialInstances/MI_SpecularGlossiness_Mask_DS.uexp" 718
"../../../Engine/Plugins/Interchange/Runtime/Content/gltf/MaterialInstances/MI_SpecularGlossiness_Mask.uasset" 719
"../../../Engine/Plugins/Interchange/Runtime/Content/gltf/MaterialInstances/MI_SpecularGlossiness_Mask.uexp" 720
"../../../Engine/Plugins/Interchange/Runtime/Content/gltf/MaterialInstances/MI_SpecularGlossiness_Blend_DS.uasset" 721
"../../../Engine/Plugins/Interchange/Runtime/Content/gltf/MaterialInstances/MI_SpecularGlossiness_Blend_DS.uexp" 722
"../../../Engine/Plugins/Interchange/Runtime/Content/gltf/MaterialInstances/MI_SpecularGlossiness_Blend.uasset" 723
"../../../Engine/Plugins/Interchange/Runtime/Content/gltf/MaterialInstances/MI_SpecularGlossiness_Blend.uexp" 724
"../../../Engine/Plugins/Interchange/Runtime/Content/gltf/MaterialFunctions/MF_Sheen.uasset" 725
"../../../Engine/Plugins/Interchange/Runtime/Content/gltf/MaterialFunctions/MF_Sheen.uexp" 726
"../../../Engine/Plugins/Interchange/Runtime/Content/gltf/MaterialBodies/MF_Sheen_Body.uasset" 727
"../../../Engine/Plugins/Interchange/Runtime/Content/gltf/MaterialBodies/MF_Sheen_Body.uexp" 728
"../../../Engine/Plugins/Interchange/Runtime/Content/gltf/M_Sheen.uasset" 729
"../../../Engine/Plugins/Interchange/Runtime/Content/gltf/M_Sheen.uexp" 730
"../../../Engine/Plugins/Interchange/Runtime/Content/gltf/MaterialInstances/MI_Sheen_Opaque_DS.uasset" 731
"../../../Engine/Plugins/Interchange/Runtime/Content/gltf/MaterialInstances/MI_Sheen_Opaque_DS.uexp" 732
"../../../Engine/Plugins/Interchange/Runtime/Content/gltf/MaterialInstances/MI_Sheen_Opaque.uasset" 733
"../../../Engine/Plugins/Interchange/Runtime/Content/gltf/MaterialInstances/MI_Sheen_Opaque.uexp" 734
"../../../Engine/Plugins/Interchange/Runtime/Content/gltf/MaterialInstances/MI_Sheen_Mask_DS.uasset" 735
"../../../Engine/Plugins/Interchange/Runtime/Content/gltf/MaterialInstances/MI_Sheen_Mask_DS.uexp" 736
"../../../Engine/Plugins/Interchange/Runtime/Content/gltf/MaterialInstances/MI_Sheen_Mask.uasset" 737
"../../../Engine/Plugins/Interchange/Runtime/Content/gltf/MaterialInstances/MI_Sheen_Mask.uexp" 738
"../../../Engine/Plugins/Interchange/Runtime/Content/gltf/MaterialInstances/MI_Sheen_Blend_DS.uasset" 739
"../../../Engine/Plugins/Interchange/Runtime/Content/gltf/MaterialInstances/MI_Sheen_Blend_DS.uexp" 740
"../../../Engine/Plugins/Interchange/Runtime/Content/gltf/MaterialInstances/MI_Sheen_Blend.uasset" 741
"../../../Engine/Plugins/Interchange/Runtime/Content/gltf/MaterialInstances/MI_Sheen_Blend.uexp" 742
"../../../Engine/Plugins/Interchange/Runtime/Content/gltf/MaterialBodies/MF_Default_Body.uasset" 743
"../../../Engine/Plugins/Interchange/Runtime/Content/gltf/MaterialBodies/MF_Default_Body.uexp" 744
"../../../Engine/Plugins/Interchange/Runtime/Content/gltf/M_Default.uasset" 745
"../../../Engine/Plugins/Interchange/Runtime/Content/gltf/M_Default.uexp" 746
"../../../Engine/Plugins/Interchange/Runtime/Content/gltf/MaterialInstances/MI_Default_Opaque_DS.uasset" 747
"../../../Engine/Plugins/Interchange/Runtime/Content/gltf/MaterialInstances/MI_Default_Opaque_DS.uexp" 748
"../../../Engine/Plugins/Interchange/Runtime/Content/gltf/MaterialInstances/MI_Default_Opaque.uasset" 749
"../../../Engine/Plugins/Interchange/Runtime/Content/gltf/MaterialInstances/MI_Default_Opaque.uexp" 750
"../../../Engine/Plugins/Interchange/Runtime/Content/gltf/MaterialInstances/MI_Default_Mask_DS.uasset" 751
"../../../Engine/Plugins/Interchange/Runtime/Content/gltf/MaterialInstances/MI_Default_Mask_DS.uexp" 752
"../../../Engine/Plugins/Interchange/Runtime/Content/gltf/MaterialInstances/MI_Default_Mask.uasset" 753
"../../../Engine/Plugins/Interchange/Runtime/Content/gltf/MaterialInstances/MI_Default_Mask.uexp" 754
"../../../Engine/Plugins/Interchange/Runtime/Content/gltf/MaterialInstances/MI_Default_Blend_DS.uasset" 755
"../../../Engine/Plugins/Interchange/Runtime/Content/gltf/MaterialInstances/MI_Default_Blend_DS.uexp" 756
"../../../Engine/Plugins/Interchange/Runtime/Content/gltf/MaterialInstances/MI_Default_Blend.uasset" 757
"../../../Engine/Plugins/Interchange/Runtime/Content/gltf/MaterialInstances/MI_Default_Blend.uexp" 758
"../../../Engine/Content/Functions/Engine_MaterialFunctions01/Texturing/FlattenNormal.uasset" 759
"../../../Engine/Content/Functions/Engine_MaterialFunctions01/Texturing/FlattenNormal.uexp" 760
"../../../Engine/Plugins/Interchange/Runtime/Content/gltf/MaterialFunctions/MF_Clearcoat.uasset" 761
"../../../Engine/Plugins/Interchange/Runtime/Content/gltf/MaterialFunctions/MF_Clearcoat.uexp" 762
"../../../Engine/Plugins/Interchange/Runtime/Content/gltf/MaterialBodies/MF_ClearCoat_Body.uasset" 763
"../../../Engine/Plugins/Interchange/Runtime/Content/gltf/MaterialBodies/MF_ClearCoat_Body.uexp" 764
"../../../Engine/Plugins/Interchange/Runtime/Content/gltf/M_ClearCoat.uasset" 765
"../../../Engine/Plugins/Interchange/Runtime/Content/gltf/M_ClearCoat.uexp" 766
"../../../Engine/Plugins/Interchange/Runtime/Content/gltf/MaterialInstances/MI_ClearCoat_Opaque_DS.uasset" 767
"../../../Engine/Plugins/Interchange/Runtime/Content/gltf/MaterialInstances/MI_ClearCoat_Opaque_DS.uexp" 768
"../../../Engine/Plugins/Interchange/Runtime/Content/gltf/MaterialInstances/MI_ClearCoat_Opaque.uasset" 769
"../../../Engine/Plugins/Interchange/Runtime/Content/gltf/MaterialInstances/MI_ClearCoat_Opaque.uexp" 770
"../../../Engine/Plugins/Interchange/Runtime/Content/gltf/MaterialInstances/MI_ClearCoat_Mask_DS.uasset" 771
"../../../Engine/Plugins/Interchange/Runtime/Content/gltf/MaterialInstances/MI_ClearCoat_Mask_DS.uexp" 772
"../../../Engine/Plugins/Interchange/Runtime/Content/gltf/MaterialInstances/MI_ClearCoat_Mask.uasset" 773
"../../../Engine/Plugins/Interchange/Runtime/Content/gltf/MaterialInstances/MI_ClearCoat_Mask.uexp" 774
"../../../Engine/Plugins/Interchange/Runtime/Content/gltf/MaterialInstances/MI_ClearCoat_Blend_DS.uasset" 775
"../../../Engine/Plugins/Interchange/Runtime/Content/gltf/MaterialInstances/MI_ClearCoat_Blend_DS.uexp" 776
"../../../Engine/Plugins/Interchange/Runtime/Content/gltf/MaterialInstances/MI_ClearCoat_Blend.uasset" 777
"../../../Engine/Plugins/Interchange/Runtime/Content/gltf/MaterialInstances/MI_ClearCoat_Blend.uexp" 778
"../../../Engine/Content/MobileResources/HUD/VirtualJoystick_Background.uasset" 779
"../../../Engine/Content/MobileResources/HUD/VirtualJoystick_Background.uexp" 780
"../../../Engine/Content/MobileResources/HUD/VirtualJoystick_Thumb.uasset" 781
"../../../Engine/Content/MobileResources/HUD/VirtualJoystick_Thumb.uexp" 782
"../../../Engine/Content/MobileResources/HUD/DefaultVirtualJoysticks.uasset" 783
"../../../Engine/Content/MobileResources/HUD/DefaultVirtualJoysticks.uexp" 784
"../../../Engine/Content/EngineSky/VolumetricClouds/CloudWeatherTexture.uasset" 785
"../../../Engine/Content/EngineSky/VolumetricClouds/CloudWeatherTexture.uexp" 786
"../../../Engine/Content/Functions/Engine_MaterialFunctions02/Utility/MakeFloat2.uasset" 787
"../../../Engine/Content/Functions/Engine_MaterialFunctions02/Utility/MakeFloat2.uexp" 788
"../../../Engine/Content/EngineSky/VolumetricClouds/CloudGradientTexture.uasset" 789
"../../../Engine/Content/EngineSky/VolumetricClouds/CloudGradientTexture.uexp" 790
"../../../Engine/Content/EngineSky/VolumetricClouds/T_NoiseShape64.ubulk" 791
"../../../Engine/Content/EngineSky/VolumetricClouds/T_NoiseShape64.uasset" 792
"../../../Engine/Content/EngineSky/VolumetricClouds/T_NoiseShape64.uexp" 793
"../../../Engine/Content/EngineSky/VolumetricClouds/T_VolumeNoiseShape64.uasset" 794
"../../../Engine/Content/EngineSky/VolumetricClouds/T_VolumeNoiseShape64.uexp" 795
"../../../Engine/Content/EngineSky/VolumetricClouds/T_NoiseErosion.ubulk" 796
"../../../Engine/Content/EngineSky/VolumetricClouds/T_NoiseErosion.uasset" 797
"../../../Engine/Content/EngineSky/VolumetricClouds/T_NoiseErosion.uexp" 798
"../../../Engine/Content/EngineSky/VolumetricClouds/T_VolumeNoiseErosion32.uasset" 799
"../../../Engine/Content/EngineSky/VolumetricClouds/T_VolumeNoiseErosion32.uexp" 800
"../../../Engine/Content/EngineSky/VolumetricClouds/m_SimpleVolumetricCloud.uasset" 801
"../../../Engine/Content/EngineSky/VolumetricClouds/m_SimpleVolumetricCloud.uexp" 802
"../../../Engine/Content/EngineSky/VolumetricClouds/m_SimpleVolumetricCloud_Inst.uasset" 803
"../../../Engine/Content/EngineSky/VolumetricClouds/m_SimpleVolumetricCloud_Inst.uexp" 804
"../../../Engine/Content/EngineResources/FilmGrains/Marcie_Grain_v3_128_M2_000.uasset" 805
"../../../Engine/Content/EngineResources/FilmGrains/Marcie_Grain_v3_128_M2_000.uexp" 806
"../../../Engine/Content/EditorResources/SequenceRecorder/RecordingIndicator.uasset" 807
"../../../Engine/Content/EditorResources/SequenceRecorder/RecordingIndicator.uexp" 808
"../../../Engine/Content/EditorResources/SequenceRecorder/Countdown.uasset" 809
"../../../Engine/Content/EditorResources/SequenceRecorder/Countdown.uexp" 810
"../../../Engine/Content/EditorMaterials/Dataflow/DataflowVertexMaterial.uasset" 811
"../../../Engine/Content/EditorMaterials/Dataflow/DataflowVertexMaterial.uexp" 812
"../../../Engine/Content/Functions/Engine_MaterialFunctions01/Shading/PowerToRoughness.uasset" 813
"../../../Engine/Content/Functions/Engine_MaterialFunctions01/Shading/PowerToRoughness.uexp" 814
"../../../Engine/Content/Functions/Engine_MaterialFunctions01/Shading/ConvertFromDiffSpec.uasset" 815
"../../../Engine/Content/Functions/Engine_MaterialFunctions01/Shading/ConvertFromDiffSpec.uexp" 816
"../../../Engine/Content/EngineMaterials/Substrate/Volume/SubstrateSimpleVolumeLUT3D.uasset" 817
"../../../Engine/Content/EngineMaterials/Substrate/Volume/SubstrateSimpleVolumeLUT3D.uexp" 818
"../../../Engine/Content/EngineMaterials/Substrate/Volume/SubstrateSimpleVolumeEnvLUT3D.uasset" 819
"../../../Engine/Content/EngineMaterials/Substrate/Volume/SubstrateSimpleVolumeEnvLUT3D.uexp" 820
"../../../Engine/Content/EngineMaterials/Substrate/GLints2/AGlintTex2dArray2.uasset" 821
"../../../Engine/Content/EngineMaterials/Substrate/GLints2/AGlintTex2dArray2.uexp" 822
"../../../Engine/Content/EngineMaterials/Substrate/GLints/AGlintTex2dArray.uasset" 823
"../../../Engine/Content/EngineMaterials/Substrate/GLints/AGlintTex2dArray.uexp" 824
"../../../Engine/Content/BasicShapes/Cube.uasset" 825
"../../../Engine/Content/BasicShapes/Cube.uexp" 826
"C:/Users/cadea/Documents/Unreal Projects/ToonTanks/Content/Maps/Main_BuiltData.ubulk" 827
"C:/Users/cadea/Documents/Unreal Projects/ToonTanks/Content/Maps/Main_BuiltData.uasset" 828
"C:/Users/cadea/Documents/Unreal Projects/ToonTanks/Content/Maps/Main_BuiltData.uexp" 829
"../../../Engine/Content/EngineSky/C_Sky_Horizon_Color.uasset" 830
"../../../Engine/Content/EngineSky/C_Sky_Horizon_Color.uexp" 831
"../../../Engine/Content/EngineSky/T_Sky_Stars.ubulk" 832
"../../../Engine/Content/EngineSky/T_Sky_Stars.uasset" 833
"../../../Engine/Content/EngineSky/T_Sky_Stars.uexp" 834
"../../../Engine/Content/EngineSky/T_Sky_Clouds_M.ubulk" 835
"../../../Engine/Content/EngineSky/T_Sky_Clouds_M.uasset" 836
"../../../Engine/Content/EngineSky/T_Sky_Clouds_M.uexp" 837
"../../../Engine/Content/EngineSky/T_Sky_Blue.ubulk" 838
"../../../Engine/Content/EngineSky/T_Sky_Blue.uasset" 839
"../../../Engine/Content/EngineSky/T_Sky_Blue.uexp" 840
"../../../Engine/Content/EngineSky/M_Sky_Panning_Clouds2.uasset" 841
"../../../Engine/Content/EngineSky/M_Sky_Panning_Clouds2.uexp" 842
"../../../Engine/Content/EngineSky/SM_SkySphere.uasset" 843
"../../../Engine/Content/EngineSky/SM_SkySphere.uexp" 844
"../../../Engine/Content/EngineSky/C_Sky_Cloud_Color.uasset" 845
"../../../Engine/Content/EngineSky/C_Sky_Cloud_Color.uexp" 846
"../../../Engine/Content/EngineSky/C_Sky_Zenith_Color.uasset" 847
"../../../Engine/Content/EngineSky/C_Sky_Zenith_Color.uexp" 848
"../../../Engine/Content/EditorBlueprintResources/StandardMacros.uasset" 849
"../../../Engine/Content/EditorBlueprintResources/StandardMacros.uexp" 850
"../../../Engine/Content/EngineSky/BP_Sky_Sphere.uasset" 851
"../../../Engine/Content/EngineSky/BP_Sky_Sphere.uexp" 852
"../../../Engine/Content/MapTemplates/SM_Template_Map_Floor.uasset" 853
"../../../Engine/Content/MapTemplates/SM_Template_Map_Floor.uexp" 854
"C:/Users/cadea/Documents/Unreal Projects/ToonTanks/Content/Assets/Textures/T_BasicGrid_M.ubulk" 855
"C:/Users/cadea/Documents/Unreal Projects/ToonTanks/Content/Assets/Textures/T_BasicGrid_M.uasset" 856
"C:/Users/cadea/Documents/Unreal Projects/ToonTanks/Content/Assets/Textures/T_BasicGrid_M.uexp" 857
"C:/Users/cadea/Documents/Unreal Projects/ToonTanks/Content/Assets/Materials/Functions/Basic/MakeSet.uasset" 858
"C:/Users/cadea/Documents/Unreal Projects/ToonTanks/Content/Assets/Materials/Functions/Basic/MakeSet.uexp" 859
"C:/Users/cadea/Documents/Unreal Projects/ToonTanks/Content/Assets/Materials/Functions/Basic/BreakSet.uasset" 860
"C:/Users/cadea/Documents/Unreal Projects/ToonTanks/Content/Assets/Materials/Functions/Basic/BreakSet.uexp" 861
"C:/Users/cadea/Documents/Unreal Projects/ToonTanks/Content/Assets/Materials/Functions/Texture/Tex_SimpleGrid.uasset" 862
"C:/Users/cadea/Documents/Unreal Projects/ToonTanks/Content/Assets/Materials/Functions/Texture/Tex_SimpleGrid.uexp" 863
"../../../Engine/Content/Functions/Engine_MaterialFunctions02/Utility/Sign.uasset" 864
"../../../Engine/Content/Functions/Engine_MaterialFunctions02/Utility/Sign.uexp" 865
"C:/Users/cadea/Documents/Unreal Projects/ToonTanks/Content/Assets/Textures/T_BasicGrid_N.ubulk" 866
"C:/Users/cadea/Documents/Unreal Projects/ToonTanks/Content/Assets/Textures/T_BasicGrid_N.uasset" 867
"C:/Users/cadea/Documents/Unreal Projects/ToonTanks/Content/Assets/Textures/T_BasicGrid_N.uexp" 868
"../../../Engine/Content/Functions/Engine_MaterialFunctions02/Utility/Round.uasset" 869
"../../../Engine/Content/Functions/Engine_MaterialFunctions02/Utility/Round.uexp" 870
"C:/Users/cadea/Documents/Unreal Projects/ToonTanks/Content/Assets/Materials/Functions/Texture/Dye_SingleColor.uasset" 871
"C:/Users/cadea/Documents/Unreal Projects/ToonTanks/Content/Assets/Materials/Functions/Texture/Dye_SingleColor.uexp" 872
"C:/Users/cadea/Documents/Unreal Projects/ToonTanks/Content/Assets/Materials/Functions/UV/UV_SetupGrid.uasset" 873
"C:/Users/cadea/Documents/Unreal Projects/ToonTanks/Content/Assets/Materials/Functions/UV/UV_SetupGrid.uexp" 874
"C:/Users/cadea/Documents/Unreal Projects/ToonTanks/Content/Assets/Materials/Functions/UV/UV_ObjectScalable.uasset" 875
"C:/Users/cadea/Documents/Unreal Projects/ToonTanks/Content/Assets/Materials/Functions/UV/UV_ObjectScalable.uexp" 876
"C:/Users/cadea/Documents/Unreal Projects/ToonTanks/Content/Assets/Materials/Base/M_GridBase.uasset" 877
"C:/Users/cadea/Documents/Unreal Projects/ToonTanks/Content/Assets/Materials/Base/M_GridBase.uexp" 878
"C:/Users/cadea/Documents/Unreal Projects/ToonTanks/Content/Assets/Materials/Base/M_Grid_Inst.uasset" 879
"C:/Users/cadea/Documents/Unreal Projects/ToonTanks/Content/Assets/Materials/Base/M_Grid_Inst.uexp" 880
"C:/Users/cadea/Documents/Unreal Projects/ToonTanks/Content/Maps/Main.uexp" 881
"C:/Users/cadea/Documents/Unreal Projects/ToonTanks/Content/Maps/Main.umap" 882
"../../../Engine/Content/Maps/Entry_BuiltData.uasset" 883
"../../../Engine/Content/Maps/Entry_BuiltData.uexp" 884
"../../../Engine/Content/Maps/Entry.uexp" 885
"../../../Engine/Content/Maps/Entry.umap" 886
